#! /c/Source/iverilog-install/bin/vvp
:ivl_version "12.0 (devel)" "(s20150603-1539-g2693dd32b)";
:ivl_delay_selection "TYPICAL";
:vpi_time_precision - 12;
:vpi_module "C:\iverilog\lib\ivl\system.vpi";
:vpi_module "C:\iverilog\lib\ivl\vhdl_sys.vpi";
:vpi_module "C:\iverilog\lib\ivl\vhdl_textio.vpi";
:vpi_module "C:\iverilog\lib\ivl\v2005_math.vpi";
:vpi_module "C:\iverilog\lib\ivl\va_math.vpi";
:vpi_module "C:\iverilog\lib\ivl\v2009.vpi";
S_000001e16570f4f0 .scope package, "$unit" "$unit" 2 1;
 .timescale 0 0;
S_000001e16570f810 .scope module, "receive_tb" "receive_tb" 3 4;
 .timescale -9 -12;
v000001e1657dfb10_0 .net "axiod", 1 0, L_000001e1656fb660;  1 drivers
v000001e1657df1b0_0 .net "axiov", 0 0, L_000001e1656fb040;  1 drivers
v000001e1657df430_0 .var "btnc", 0 0;
v000001e1657df4d0_0 .var "eth_clk", 0 0;
v000001e1657e1c60_0 .var "eth_crsdv", 0 0;
v000001e1657e2c00_0 .net "eth_rstn", 0 0, L_000001e1657e27a0;  1 drivers
v000001e1657e1940_0 .var "eth_rxd", 1 0;
v000001e1657e28e0_0 .var "message", 511 0;
S_000001e16564a4a0 .scope module, "r1" "receive" 3 16, 4 5 0, S_000001e16570f810;
 .timescale -9 -12;
    .port_info 0 /INPUT 1 "eth_refclk";
    .port_info 1 /INPUT 1 "btnc";
    .port_info 2 /INPUT 1 "eth_crsdv";
    .port_info 3 /INPUT 2 "eth_rxd";
    .port_info 4 /OUTPUT 1 "eth_rstn";
    .port_info 5 /OUTPUT 1 "axiov";
    .port_info 6 /OUTPUT 2 "axiod";
L_000001e1656fb040 .functor BUFZ 1, v000001e1657e0830_0, C4<0>, C4<0>, C4<0>;
L_000001e1656fb660 .functor BUFZ 2, v000001e1657e0790_0, C4<00>, C4<00>, C4<00>;
v000001e1657e0970_0 .net "axiod", 1 0, L_000001e1656fb660;  alias, 1 drivers
v000001e1657e01f0_0 .net "axiov", 0 0, L_000001e1656fb040;  alias, 1 drivers
v000001e1657df610_0 .net "bit_axiod", 1 0, v000001e1656941f0_0;  1 drivers
v000001e1657e0bf0_0 .net "bit_axiov", 0 0, v000001e16570e0c0_0;  1 drivers
v000001e1657e0b50_0 .net "btnc", 0 0, v000001e1657df430_0;  1 drivers
v000001e1657e0d30_0 .net "done", 0 0, v000001e1657de1a0_0;  1 drivers
v000001e1657e0c90_0 .net "eth_axiod", 1 0, v000001e1657e0790_0;  1 drivers
v000001e1657e0e70_0 .net "eth_axiov", 0 0, v000001e1657e0830_0;  1 drivers
v000001e1657e06f0_0 .net "eth_crsdv", 0 0, v000001e1657e1c60_0;  1 drivers
v000001e1657e03d0_0 .net "eth_refclk", 0 0, v000001e1657df4d0_0;  1 drivers
v000001e1657df070_0 .net "eth_rstn", 0 0, L_000001e1657e27a0;  alias, 1 drivers
v000001e1657df9d0_0 .net "eth_rxd", 1 0, v000001e1657e1940_0;  1 drivers
v000001e1657dfa70_0 .net "fire_axiod", 1 0, v000001e1657dfe30_0;  1 drivers
v000001e1657e0290_0 .net "fire_axiov", 0 0, v000001e1657df250_0;  1 drivers
v000001e1657df110_0 .net "kill", 0 0, v000001e1657de2e0_0;  1 drivers
L_000001e1657e27a0 .reduce/nor v000001e1657df430_0;
S_000001e1656992e0 .scope module, "b1" "bitorder" 4 44, 5 5 0, S_000001e16564a4a0;
 .timescale -9 -12;
    .port_info 0 /INPUT 1 "clk";
    .port_info 1 /INPUT 1 "rst";
    .port_info 2 /INPUT 1 "axiiv";
    .port_info 3 /INPUT 2 "axiid";
    .port_info 4 /OUTPUT 2 "axiod";
    .port_info 5 /OUTPUT 1 "axiov";
v000001e1656eced0_0 .net "axiid", 1 0, v000001e1657e0790_0;  alias, 1 drivers
v000001e16564a630_0 .net "axiiv", 0 0, v000001e1657e0830_0;  alias, 1 drivers
v000001e1656941f0_0 .var "axiod", 1 0;
v000001e16570e0c0_0 .var "axiov", 0 0;
v000001e16570e160_0 .var "b1_count", 15 0;
v000001e16570f210_0 .var "b2_count", 15 0;
v000001e16570f2b0_0 .var "buff1", 7 0;
v000001e165699470_0 .var "buff2", 7 0;
v000001e165699510_0 .net "clk", 0 0, v000001e1657df4d0_0;  alias, 1 drivers
v000001e1656995b0_0 .var "read_buff1", 0 0;
v000001e165699650_0 .var "read_buff2", 0 0;
v000001e1657de060_0 .var "readout_buff1", 0 0;
v000001e1657de6a0_0 .var "readout_buff2", 0 0;
v000001e1657deb00_0 .net "rst", 0 0, v000001e1657df430_0;  alias, 1 drivers
E_000001e165711ce0 .event posedge, v000001e165699510_0;
E_000001e1657112a0/0 .event anyedge, v000001e1657deb00_0, v000001e1656995b0_0, v000001e1657de060_0, v000001e1657de6a0_0;
E_000001e1657112a0/1 .event anyedge, v000001e165699650_0, v000001e16570e160_0, v000001e16570f2b0_0, v000001e16570f2b0_0;
E_000001e1657112a0/2 .event anyedge, v000001e16570f2b0_0, v000001e16570f2b0_0, v000001e16570f210_0, v000001e165699470_0;
E_000001e1657112a0/3 .event anyedge, v000001e165699470_0, v000001e165699470_0, v000001e165699470_0;
E_000001e1657112a0 .event/or E_000001e1657112a0/0, E_000001e1657112a0/1, E_000001e1657112a0/2, E_000001e1657112a0/3;
S_000001e1656de140 .scope module, "c1" "cksum" 4 58, 6 5 0, S_000001e16564a4a0;
 .timescale -9 -12;
    .port_info 0 /INPUT 1 "clk";
    .port_info 1 /INPUT 1 "rst";
    .port_info 2 /INPUT 1 "axiiv";
    .port_info 3 /INPUT 2 "axiid";
    .port_info 4 /OUTPUT 1 "done";
    .port_info 5 /OUTPUT 1 "kill";
v000001e1657de380_0 .var "assert_s", 0 0;
v000001e1657de9c0_0 .net "axiid", 1 0, v000001e1657e0790_0;  alias, 1 drivers
v000001e1657dea60_0 .net "axiiv", 0 0, v000001e1657e0830_0;  alias, 1 drivers
v000001e1657deec0_0 .var "check_s", 0 0;
v000001e1657deba0_0 .net "clk", 0 0, v000001e1657df4d0_0;  alias, 1 drivers
v000001e1657def60_0 .net "crc_axiod", 31 0, L_000001e1656fb0b0;  1 drivers
L_000001e1657e3048 .functor BUFT 1, C4<1>, C4<0>, C4<0>, C4<0>;
v000001e1657dec40_0 .net "crc_axiov", 0 0, L_000001e1657e3048;  1 drivers
v000001e1657de420_0 .var "crc_rst", 0 0;
v000001e1657de1a0_0 .var "done", 0 0;
v000001e1657de240_0 .var "done_check", 0 0;
v000001e1657de2e0_0 .var "kill", 0 0;
v000001e1657de560_0 .var "kill_check", 0 0;
v000001e1657de600_0 .net "rst", 0 0, v000001e1657df430_0;  alias, 1 drivers
S_000001e1656de2d0 .scope module, "c1" "crc32" 6 19, 7 22 0, S_000001e1656de140;
 .timescale -9 -12;
    .port_info 0 /INPUT 1 "clk";
    .port_info 1 /INPUT 1 "rst";
    .port_info 2 /INPUT 1 "axiiv";
    .port_info 3 /INPUT 2 "axiid";
    .port_info 4 /OUTPUT 1 "axiov";
    .port_info 5 /OUTPUT 32 "axiod";
L_000001e1656fb0b0 .functor NOT 32, v000001e1657de100_0, C4<00000000000000000000000000000000>, C4<00000000000000000000000000000000>, C4<00000000000000000000000000000000>;
v000001e1657dece0_0 .net "axiid", 1 0, v000001e1657e0790_0;  alias, 1 drivers
v000001e1657de740_0 .net "axiiv", 0 0, v000001e1657e0830_0;  alias, 1 drivers
v000001e1657de7e0_0 .net "axiod", 31 0, L_000001e1656fb0b0;  alias, 1 drivers
v000001e1657de880_0 .net "axiov", 0 0, L_000001e1657e3048;  alias, 1 drivers
v000001e1657de100_0 .var "caxiod", 31 0;
v000001e1657de4c0_0 .net "clk", 0 0, v000001e1657df4d0_0;  alias, 1 drivers
v000001e1657ded80_0 .var/i "i", 31 0;
v000001e1657dee20_0 .net "rst", 0 0, v000001e1657de420_0;  1 drivers
v000001e1657de920_0 .var "saxiod", 31 0;
E_000001e165711420 .event anyedge, v000001e1657de100_0, v000001e1656eced0_0;
S_000001e1656cdbb0 .scope module, "e1" "ether" 4 37, 8 5 0, S_000001e16564a4a0;
 .timescale -9 -12;
    .port_info 0 /INPUT 1 "clk";
    .port_info 1 /INPUT 1 "rst";
    .port_info 2 /INPUT 2 "rxd";
    .port_info 3 /INPUT 1 "crsdv";
    .port_info 4 /OUTPUT 2 "axiod";
    .port_info 5 /OUTPUT 1 "axiov";
v000001e1657e0010_0 .var "SFD", 7 0;
v000001e1657e0790_0 .var "axiod", 1 0;
v000001e1657e0830_0 .var "axiov", 0 0;
v000001e1657df570_0 .var "check_rxd_state", 0 0;
v000001e1657df750_0 .net "clk", 0 0, v000001e1657df4d0_0;  alias, 1 drivers
v000001e1657e0ab0_0 .var "counter", 15 0;
v000001e1657e0510_0 .net "crsdv", 0 0, v000001e1657e1c60_0;  alias, 1 drivers
v000001e1657dff70_0 .var "ignore_state", 0 0;
v000001e1657e0f10_0 .var "preamble", 7 0;
v000001e1657dfbb0_0 .var "reset_state", 0 0;
v000001e1657e00b0_0 .net "rst", 0 0, v000001e1657df430_0;  alias, 1 drivers
v000001e1657e0a10_0 .net "rxd", 1 0, v000001e1657e1940_0;  alias, 1 drivers
v000001e1657e0dd0_0 .var "total_counter", 32 0;
v000001e1657df890_0 .var "transmit_state", 0 0;
v000001e1657e08d0_0 .var "validate_state", 0 0;
v000001e1657df7f0_0 .var "wait_state", 0 0;
S_000001e1656cdd40 .scope module, "f1" "firewall" 4 51, 9 5 0, S_000001e16564a4a0;
 .timescale -9 -12;
    .port_info 0 /INPUT 1 "clk";
    .port_info 1 /INPUT 1 "rst";
    .port_info 2 /INPUT 1 "axiiv";
    .port_info 3 /INPUT 2 "axiid";
    .port_info 4 /OUTPUT 2 "axiod";
    .port_info 5 /OUTPUT 1 "axiov";
v000001e1657df6b0_0 .net "axiid", 1 0, v000001e1656941f0_0;  alias, 1 drivers
v000001e1657df930_0 .net "axiiv", 0 0, v000001e16570e0c0_0;  alias, 1 drivers
v000001e1657dfe30_0 .var "axiod", 1 0;
v000001e1657df250_0 .var "axiov", 0 0;
v000001e1657e0330_0 .var "buffer", 47 0;
v000001e1657dfc50_0 .var "check_header", 0 0;
v000001e1657dfed0_0 .net "clk", 0 0, v000001e1657df4d0_0;  alias, 1 drivers
v000001e1657e0150_0 .var "dest", 47 0;
v000001e1657e05b0_0 .var "destination", 0 0;
v000001e1657e0650_0 .var "h_counter", 15 0;
v000001e1657dfcf0_0 .var "ignore", 0 0;
v000001e1657df2f0_0 .var "mac", 47 0;
v000001e1657df390_0 .var "output_data", 0 0;
v000001e1657dfd90_0 .net "rst", 0 0, v000001e1657df430_0;  alias, 1 drivers
v000001e1657e0470_0 .var "wait_header", 0 0;
E_000001e165711c60/0 .event anyedge, v000001e1657dfc50_0, v000001e1657e0470_0, v000001e1657df390_0, v000001e1657dfcf0_0;
E_000001e165711c60/1 .event anyedge, v000001e16570e0c0_0, v000001e1656941f0_0;
E_000001e165711c60 .event/or E_000001e165711c60/0, E_000001e165711c60/1;
    .scope S_000001e1656cdbb0;
T_0 ;
    %wait E_000001e165711ce0;
    %load/vec4 v000001e1657e00b0_0;
    %flag_set/vec4 8;
    %jmp/0xz  T_0.0, 8;
    %pushi/vec4 0, 0, 1;
    %assign/vec4 v000001e1657dfbb0_0, 0;
    %pushi/vec4 1, 0, 1;
    %assign/vec4 v000001e1657df7f0_0, 0;
    %pushi/vec4 0, 0, 1;
    %assign/vec4 v000001e1657e08d0_0, 0;
    %pushi/vec4 0, 0, 1;
    %assign/vec4 v000001e1657df890_0, 0;
    %pushi/vec4 0, 0, 1;
    %assign/vec4 v000001e1657dff70_0, 0;
    %pushi/vec4 0, 0, 1;
    %assign/vec4 v000001e1657df570_0, 0;
    %pushi/vec4 85, 0, 8;
    %assign/vec4 v000001e1657e0f10_0, 0;
    %pushi/vec4 213, 0, 8;
    %assign/vec4 v000001e1657e0010_0, 0;
    %pushi/vec4 0, 0, 16;
    %assign/vec4 v000001e1657e0ab0_0, 0;
    %pushi/vec4 0, 0, 1;
    %assign/vec4 v000001e1657e0830_0, 0;
    %pushi/vec4 0, 0, 33;
    %assign/vec4 v000001e1657e0dd0_0, 0;
    %jmp T_0.1;
T_0.0 ;
    %load/vec4 v000001e1657dfbb0_0;
    %load/vec4 v000001e1657df7f0_0;
    %concat/vec4; draw_concat_vec4
    %load/vec4 v000001e1657e08d0_0;
    %concat/vec4; draw_concat_vec4
    %load/vec4 v000001e1657df890_0;
    %concat/vec4; draw_concat_vec4
    %load/vec4 v000001e1657dff70_0;
    %concat/vec4; draw_concat_vec4
    %load/vec4 v000001e1657df570_0;
    %concat/vec4; draw_concat_vec4
    %dup/vec4;
    %pushi/vec4 16, 0, 6;
    %cmp/u;
    %jmp/1 T_0.2, 6;
    %dup/vec4;
    %pushi/vec4 1, 0, 6;
    %cmp/u;
    %jmp/1 T_0.3, 6;
    %dup/vec4;
    %pushi/vec4 8, 0, 6;
    %cmp/u;
    %jmp/1 T_0.4, 6;
    %dup/vec4;
    %pushi/vec4 4, 0, 6;
    %cmp/u;
    %jmp/1 T_0.5, 6;
    %dup/vec4;
    %pushi/vec4 32, 0, 6;
    %cmp/u;
    %jmp/1 T_0.6, 6;
    %dup/vec4;
    %pushi/vec4 2, 0, 6;
    %cmp/u;
    %jmp/1 T_0.7, 6;
    %jmp T_0.8;
T_0.2 ;
    %load/vec4 v000001e1657e0510_0;
    %flag_set/vec4 8;
    %jmp/0xz  T_0.9, 8;
    %pushi/vec4 1, 0, 1;
    %assign/vec4 v000001e1657df570_0, 0;
    %pushi/vec4 0, 0, 1;
    %assign/vec4 v000001e1657df7f0_0, 0;
T_0.9 ;
    %jmp T_0.8;
T_0.3 ;
    %load/vec4 v000001e1657e0a10_0;
    %cmpi/e 1, 0, 2;
    %jmp/0xz  T_0.11, 4;
    %pushi/vec4 0, 0, 1;
    %assign/vec4 v000001e1657df570_0, 0;
    %pushi/vec4 1, 0, 1;
    %assign/vec4 v000001e1657e08d0_0, 0;
    %load/vec4 v000001e1657e0dd0_0;
    %addi 1, 0, 33;
    %assign/vec4 v000001e1657e0dd0_0, 0;
T_0.11 ;
    %jmp T_0.8;
T_0.4 ;
    %load/vec4 v000001e1657e0a10_0;
    %cmpi/e 1, 0, 2;
    %flag_get/vec4 4;
    %jmp/0 T_0.15, 4;
    %load/vec4 v000001e1657e0dd0_0;
    %cmpi/u 28, 0, 33;
    %flag_get/vec4 5;
    %and;
T_0.15;
    %flag_set/vec4 8;
    %jmp/0xz  T_0.13, 8;
    %load/vec4 v000001e1657e0dd0_0;
    %addi 1, 0, 33;
    %assign/vec4 v000001e1657e0dd0_0, 0;
    %jmp T_0.14;
T_0.13 ;
    %load/vec4 v000001e1657e0a10_0;
    %cmpi/e 1, 0, 2;
    %flag_get/vec4 4;
    %jmp/0 T_0.19, 4;
    %pushi/vec4 28, 0, 33;
    %load/vec4 v000001e1657e0dd0_0;
    %cmp/u;
    %flag_get/vec4 4;
    %flag_get/vec4 5;
    %or;
    %and;
T_0.19;
    %flag_set/vec4 9;
    %flag_get/vec4 9;
    %jmp/0 T_0.18, 9;
    %load/vec4 v000001e1657e0dd0_0;
    %cmpi/u 31, 0, 33;
    %flag_get/vec4 5;
    %and;
T_0.18;
    %flag_set/vec4 8;
    %jmp/0xz  T_0.16, 8;
    %load/vec4 v000001e1657e0dd0_0;
    %addi 1, 0, 33;
    %assign/vec4 v000001e1657e0dd0_0, 0;
    %jmp T_0.17;
T_0.16 ;
    %load/vec4 v000001e1657e0a10_0;
    %cmpi/e 3, 0, 2;
    %flag_get/vec4 4;
    %jmp/0 T_0.22, 4;
    %load/vec4 v000001e1657e0dd0_0;
    %pushi/vec4 31, 0, 33;
    %cmp/e;
    %flag_get/vec4 4;
    %and;
T_0.22;
    %flag_set/vec4 8;
    %jmp/0xz  T_0.20, 8;
    %load/vec4 v000001e1657e0dd0_0;
    %addi 1, 0, 33;
    %assign/vec4 v000001e1657e0dd0_0, 0;
    %jmp T_0.21;
T_0.20 ;
    %load/vec4 v000001e1657e0dd0_0;
    %cmpi/e 32, 0, 33;
    %jmp/0xz  T_0.23, 4;
    %load/vec4 v000001e1657e0a10_0;
    %assign/vec4 v000001e1657e0790_0, 0;
    %pushi/vec4 1, 0, 1;
    %assign/vec4 v000001e1657e0830_0, 0;
    %pushi/vec4 0, 0, 1;
    %assign/vec4 v000001e1657e08d0_0, 0;
    %pushi/vec4 1, 0, 1;
    %assign/vec4 v000001e1657df890_0, 0;
    %jmp T_0.24;
T_0.23 ;
    %pushi/vec4 0, 0, 1;
    %assign/vec4 v000001e1657e08d0_0, 0;
    %pushi/vec4 1, 0, 1;
    %assign/vec4 v000001e1657dff70_0, 0;
T_0.24 ;
T_0.21 ;
T_0.17 ;
T_0.14 ;
    %jmp T_0.8;
T_0.5 ;
    %load/vec4 v000001e1657e0a10_0;
    %assign/vec4 v000001e1657e0790_0, 0;
    %pushi/vec4 1, 0, 1;
    %assign/vec4 v000001e1657e0830_0, 0;
    %load/vec4 v000001e1657e0510_0;
    %inv;
    %flag_set/vec4 8;
    %jmp/0xz  T_0.25, 8;
    %pushi/vec4 0, 0, 1;
    %assign/vec4 v000001e1657e0830_0, 0;
    %pushi/vec4 0, 0, 1;
    %assign/vec4 v000001e1657df890_0, 0;
    %pushi/vec4 1, 0, 1;
    %assign/vec4 v000001e1657dfbb0_0, 0;
T_0.25 ;
    %jmp T_0.8;
T_0.6 ;
    %pushi/vec4 0, 0, 16;
    %assign/vec4 v000001e1657e0ab0_0, 0;
    %pushi/vec4 0, 0, 33;
    %assign/vec4 v000001e1657e0dd0_0, 0;
    %pushi/vec4 0, 0, 1;
    %assign/vec4 v000001e1657e0830_0, 0;
    %pushi/vec4 0, 0, 1;
    %assign/vec4 v000001e1657dfbb0_0, 0;
    %pushi/vec4 1, 0, 1;
    %assign/vec4 v000001e1657df7f0_0, 0;
    %jmp T_0.8;
T_0.7 ;
    %pushi/vec4 0, 0, 16;
    %assign/vec4 v000001e1657e0ab0_0, 0;
    %pushi/vec4 0, 0, 33;
    %assign/vec4 v000001e1657e0dd0_0, 0;
    %pushi/vec4 0, 0, 1;
    %assign/vec4 v000001e1657e0830_0, 0;
    %load/vec4 v000001e1657e0510_0;
    %nor/r;
    %flag_set/vec4 8;
    %jmp/0xz  T_0.27, 8;
    %pushi/vec4 0, 0, 1;
    %assign/vec4 v000001e1657dff70_0, 0;
    %pushi/vec4 1, 0, 1;
    %assign/vec4 v000001e1657df7f0_0, 0;
T_0.27 ;
    %jmp T_0.8;
T_0.8 ;
    %pop/vec4 1;
T_0.1 ;
    %jmp T_0;
    .thread T_0;
    .scope S_000001e1656992e0;
T_1 ;
Ewait_0 .event/or E_000001e1657112a0, E_0x0;
    %wait Ewait_0;
    %load/vec4 v000001e1657deb00_0;
    %flag_set/vec4 8;
    %jmp/0xz  T_1.0, 8;
    %pushi/vec4 0, 0, 1;
    %store/vec4 v000001e16570e0c0_0, 0, 1;
    %pushi/vec4 0, 0, 2;
    %store/vec4 v000001e1656941f0_0, 0, 2;
    %jmp T_1.1;
T_1.0 ;
    %load/vec4 v000001e1656995b0_0;
    %load/vec4 v000001e1657de060_0;
    %concat/vec4; draw_concat_vec4
    %load/vec4 v000001e1657de6a0_0;
    %concat/vec4; draw_concat_vec4
    %load/vec4 v000001e165699650_0;
    %concat/vec4; draw_concat_vec4
    %dup/vec4;
    %pushi/vec4 8, 0, 4;
    %cmp/u;
    %jmp/1 T_1.2, 6;
    %dup/vec4;
    %pushi/vec4 4, 0, 4;
    %cmp/u;
    %jmp/1 T_1.3, 6;
    %dup/vec4;
    %pushi/vec4 2, 0, 4;
    %cmp/u;
    %jmp/1 T_1.4, 6;
    %dup/vec4;
    %pushi/vec4 1, 0, 4;
    %cmp/u;
    %jmp/1 T_1.5, 6;
    %jmp T_1.6;
T_1.2 ;
    %pushi/vec4 0, 0, 1;
    %store/vec4 v000001e16570e0c0_0, 0, 1;
    %jmp T_1.6;
T_1.3 ;
    %load/vec4 v000001e16570e160_0;
    %pad/u 32;
    %cmpi/u 0, 0, 32;
    %flag_or 5, 4; GT is !LE
    %flag_inv 5;
    %jmp/0xz  T_1.7, 5;
    %pushi/vec4 1, 0, 1;
    %store/vec4 v000001e16570e0c0_0, 0, 1;
    %load/vec4 v000001e16570e160_0;
    %pad/u 32;
    %cmpi/u 3, 0, 32;
    %flag_or 5, 4; GT is !LE
    %flag_inv 5;
    %jmp/0xz  T_1.9, 5;
    %load/vec4 v000001e16570f2b0_0;
    %parti/s 2, 6, 4;
    %store/vec4 v000001e1656941f0_0, 0, 2;
    %jmp T_1.10;
T_1.9 ;
    %load/vec4 v000001e16570e160_0;
    %pad/u 32;
    %cmpi/u 2, 0, 32;
    %flag_or 5, 4; GT is !LE
    %flag_inv 5;
    %jmp/0xz  T_1.11, 5;
    %load/vec4 v000001e16570f2b0_0;
    %parti/s 2, 4, 4;
    %store/vec4 v000001e1656941f0_0, 0, 2;
    %jmp T_1.12;
T_1.11 ;
    %load/vec4 v000001e16570e160_0;
    %pad/u 32;
    %cmpi/u 1, 0, 32;
    %flag_or 5, 4; GT is !LE
    %flag_inv 5;
    %jmp/0xz  T_1.13, 5;
    %load/vec4 v000001e16570f2b0_0;
    %parti/s 2, 2, 3;
    %store/vec4 v000001e1656941f0_0, 0, 2;
    %jmp T_1.14;
T_1.13 ;
    %load/vec4 v000001e16570e160_0;
    %pad/u 32;
    %cmpi/u 0, 0, 32;
    %flag_or 5, 4; GT is !LE
    %flag_inv 5;
    %jmp/0xz  T_1.15, 5;
    %load/vec4 v000001e16570f2b0_0;
    %parti/s 2, 0, 2;
    %store/vec4 v000001e1656941f0_0, 0, 2;
T_1.15 ;
T_1.14 ;
T_1.12 ;
T_1.10 ;
    %jmp T_1.8;
T_1.7 ;
    %pushi/vec4 0, 0, 1;
    %store/vec4 v000001e16570e0c0_0, 0, 1;
T_1.8 ;
    %jmp T_1.6;
T_1.4 ;
    %load/vec4 v000001e16570f210_0;
    %pad/u 32;
    %cmpi/u 0, 0, 32;
    %flag_or 5, 4; GT is !LE
    %flag_inv 5;
    %jmp/0xz  T_1.17, 5;
    %pushi/vec4 1, 0, 1;
    %store/vec4 v000001e16570e0c0_0, 0, 1;
    %load/vec4 v000001e16570f210_0;
    %pad/u 32;
    %cmpi/u 3, 0, 32;
    %flag_or 5, 4; GT is !LE
    %flag_inv 5;
    %jmp/0xz  T_1.19, 5;
    %load/vec4 v000001e165699470_0;
    %parti/s 2, 6, 4;
    %store/vec4 v000001e1656941f0_0, 0, 2;
    %jmp T_1.20;
T_1.19 ;
    %load/vec4 v000001e16570f210_0;
    %pad/u 32;
    %cmpi/u 2, 0, 32;
    %flag_or 5, 4; GT is !LE
    %flag_inv 5;
    %jmp/0xz  T_1.21, 5;
    %load/vec4 v000001e165699470_0;
    %parti/s 2, 4, 4;
    %store/vec4 v000001e1656941f0_0, 0, 2;
    %jmp T_1.22;
T_1.21 ;
    %load/vec4 v000001e16570f210_0;
    %pad/u 32;
    %cmpi/u 1, 0, 32;
    %flag_or 5, 4; GT is !LE
    %flag_inv 5;
    %jmp/0xz  T_1.23, 5;
    %load/vec4 v000001e165699470_0;
    %parti/s 2, 2, 3;
    %store/vec4 v000001e1656941f0_0, 0, 2;
    %jmp T_1.24;
T_1.23 ;
    %load/vec4 v000001e16570f210_0;
    %pad/u 32;
    %cmpi/u 0, 0, 32;
    %flag_or 5, 4; GT is !LE
    %flag_inv 5;
    %jmp/0xz  T_1.25, 5;
    %load/vec4 v000001e165699470_0;
    %parti/s 2, 0, 2;
    %store/vec4 v000001e1656941f0_0, 0, 2;
T_1.25 ;
T_1.24 ;
T_1.22 ;
T_1.20 ;
    %jmp T_1.18;
T_1.17 ;
    %pushi/vec4 0, 0, 1;
    %store/vec4 v000001e16570e0c0_0, 0, 1;
T_1.18 ;
    %jmp T_1.6;
T_1.5 ;
    %pushi/vec4 0, 0, 1;
    %store/vec4 v000001e16570e0c0_0, 0, 1;
    %jmp T_1.6;
T_1.6 ;
    %pop/vec4 1;
T_1.1 ;
    %jmp T_1;
    .thread T_1, $push;
    .scope S_000001e1656992e0;
T_2 ;
    %wait E_000001e165711ce0;
    %load/vec4 v000001e1657deb00_0;
    %flag_set/vec4 8;
    %jmp/0xz  T_2.0, 8;
    %pushi/vec4 0, 0, 8;
    %assign/vec4 v000001e16570f2b0_0, 0;
    %pushi/vec4 0, 0, 8;
    %assign/vec4 v000001e165699470_0, 0;
    %pushi/vec4 0, 0, 16;
    %assign/vec4 v000001e16570e160_0, 0;
    %pushi/vec4 0, 0, 16;
    %assign/vec4 v000001e16570f210_0, 0;
    %pushi/vec4 1, 0, 1;
    %assign/vec4 v000001e1656995b0_0, 0;
    %pushi/vec4 0, 0, 1;
    %assign/vec4 v000001e165699650_0, 0;
    %pushi/vec4 0, 0, 1;
    %assign/vec4 v000001e1657de060_0, 0;
    %pushi/vec4 0, 0, 1;
    %assign/vec4 v000001e1657de6a0_0, 0;
    %jmp T_2.1;
T_2.0 ;
    %load/vec4 v000001e1656995b0_0;
    %load/vec4 v000001e1657de060_0;
    %concat/vec4; draw_concat_vec4
    %load/vec4 v000001e1657de6a0_0;
    %concat/vec4; draw_concat_vec4
    %load/vec4 v000001e165699650_0;
    %concat/vec4; draw_concat_vec4
    %dup/vec4;
    %pushi/vec4 8, 0, 4;
    %cmp/u;
    %jmp/1 T_2.2, 6;
    %dup/vec4;
    %pushi/vec4 4, 0, 4;
    %cmp/u;
    %jmp/1 T_2.3, 6;
    %dup/vec4;
    %pushi/vec4 2, 0, 4;
    %cmp/u;
    %jmp/1 T_2.4, 6;
    %dup/vec4;
    %pushi/vec4 1, 0, 4;
    %cmp/u;
    %jmp/1 T_2.5, 6;
    %jmp T_2.6;
T_2.2 ;
    %load/vec4 v000001e16564a630_0;
    %flag_set/vec4 8;
    %jmp/0xz  T_2.7, 8;
    %load/vec4 v000001e16570e160_0;
    %addi 1, 0, 16;
    %assign/vec4 v000001e16570e160_0, 0;
    %load/vec4 v000001e16570e160_0;
    %pad/u 32;
    %cmpi/u 1, 0, 32;
    %jmp/0xz  T_2.9, 5;
    %load/vec4 v000001e1656eced0_0;
    %ix/load 4, 0, 0;
    %ix/load 5, 0, 0;
    %flag_set/imm 4, 0;
    %assign/vec4/off/d v000001e16570f2b0_0, 4, 5;
    %jmp T_2.10;
T_2.9 ;
    %load/vec4 v000001e16570e160_0;
    %pad/u 32;
    %cmpi/u 2, 0, 32;
    %jmp/0xz  T_2.11, 5;
    %load/vec4 v000001e1656eced0_0;
    %ix/load 4, 2, 0;
    %ix/load 5, 0, 0;
    %flag_set/imm 4, 0;
    %assign/vec4/off/d v000001e16570f2b0_0, 4, 5;
    %jmp T_2.12;
T_2.11 ;
    %load/vec4 v000001e16570e160_0;
    %pad/u 32;
    %cmpi/u 3, 0, 32;
    %jmp/0xz  T_2.13, 5;
    %load/vec4 v000001e1656eced0_0;
    %ix/load 4, 4, 0;
    %ix/load 5, 0, 0;
    %flag_set/imm 4, 0;
    %assign/vec4/off/d v000001e16570f2b0_0, 4, 5;
    %jmp T_2.14;
T_2.13 ;
    %load/vec4 v000001e16570e160_0;
    %pad/u 32;
    %cmpi/u 4, 0, 32;
    %jmp/0xz  T_2.15, 5;
    %load/vec4 v000001e1656eced0_0;
    %ix/load 4, 6, 0;
    %ix/load 5, 0, 0;
    %flag_set/imm 4, 0;
    %assign/vec4/off/d v000001e16570f2b0_0, 4, 5;
    %pushi/vec4 0, 0, 1;
    %assign/vec4 v000001e1656995b0_0, 0;
    %pushi/vec4 1, 0, 1;
    %assign/vec4 v000001e1657de060_0, 0;
T_2.15 ;
T_2.14 ;
T_2.12 ;
T_2.10 ;
    %jmp T_2.8;
T_2.7 ;
    %pushi/vec4 0, 0, 16;
    %assign/vec4 v000001e16570e160_0, 0;
    %pushi/vec4 0, 0, 8;
    %assign/vec4 v000001e16570f2b0_0, 0;
    %pushi/vec4 0, 0, 8;
    %assign/vec4 v000001e165699470_0, 0;
T_2.8 ;
    %jmp T_2.6;
T_2.3 ;
    %load/vec4 v000001e16570e160_0;
    %pad/u 32;
    %cmpi/u 0, 0, 32;
    %flag_or 5, 4; GT is !LE
    %flag_inv 5;
    %jmp/0xz  T_2.17, 5;
    %load/vec4 v000001e16570e160_0;
    %subi 1, 0, 16;
    %assign/vec4 v000001e16570e160_0, 0;
T_2.17 ;
    %load/vec4 v000001e16564a630_0;
    %flag_set/vec4 8;
    %jmp/0xz  T_2.19, 8;
    %load/vec4 v000001e16570f210_0;
    %addi 1, 0, 16;
    %assign/vec4 v000001e16570f210_0, 0;
    %load/vec4 v000001e16570f210_0;
    %pad/u 32;
    %cmpi/u 1, 0, 32;
    %jmp/0xz  T_2.21, 5;
    %load/vec4 v000001e1656eced0_0;
    %ix/load 4, 0, 0;
    %ix/load 5, 0, 0;
    %flag_set/imm 4, 0;
    %assign/vec4/off/d v000001e165699470_0, 4, 5;
    %jmp T_2.22;
T_2.21 ;
    %load/vec4 v000001e16570f210_0;
    %pad/u 32;
    %cmpi/u 2, 0, 32;
    %jmp/0xz  T_2.23, 5;
    %load/vec4 v000001e1656eced0_0;
    %ix/load 4, 2, 0;
    %ix/load 5, 0, 0;
    %flag_set/imm 4, 0;
    %assign/vec4/off/d v000001e165699470_0, 4, 5;
    %jmp T_2.24;
T_2.23 ;
    %load/vec4 v000001e16570f210_0;
    %pad/u 32;
    %cmpi/u 3, 0, 32;
    %jmp/0xz  T_2.25, 5;
    %load/vec4 v000001e1656eced0_0;
    %ix/load 4, 4, 0;
    %ix/load 5, 0, 0;
    %flag_set/imm 4, 0;
    %assign/vec4/off/d v000001e165699470_0, 4, 5;
    %jmp T_2.26;
T_2.25 ;
    %load/vec4 v000001e16570f210_0;
    %pad/u 32;
    %cmpi/u 4, 0, 32;
    %jmp/0xz  T_2.27, 5;
    %load/vec4 v000001e1656eced0_0;
    %ix/load 4, 6, 0;
    %ix/load 5, 0, 0;
    %flag_set/imm 4, 0;
    %assign/vec4/off/d v000001e165699470_0, 4, 5;
    %pushi/vec4 0, 0, 1;
    %assign/vec4 v000001e1657de060_0, 0;
    %pushi/vec4 1, 0, 1;
    %assign/vec4 v000001e1657de6a0_0, 0;
T_2.27 ;
T_2.26 ;
T_2.24 ;
T_2.22 ;
    %jmp T_2.20;
T_2.19 ;
    %load/vec4 v000001e16570e160_0;
    %pad/u 32;
    %pushi/vec4 0, 0, 32;
    %cmp/e;
    %flag_get/vec4 4;
    %load/vec4 v000001e16570f210_0;
    %pad/u 32;
    %cmpi/u 3, 0, 32;
    %flag_get/vec4 5;
    %and;
    %flag_set/vec4 8;
    %jmp/0xz  T_2.29, 8;
    %pushi/vec4 0, 0, 16;
    %assign/vec4 v000001e16570f210_0, 0;
    %pushi/vec4 0, 0, 8;
    %assign/vec4 v000001e165699470_0, 0;
    %pushi/vec4 0, 0, 1;
    %assign/vec4 v000001e1657de060_0, 0;
    %pushi/vec4 1, 0, 1;
    %assign/vec4 v000001e165699650_0, 0;
    %jmp T_2.30;
T_2.29 ;
    %pushi/vec4 0, 0, 8;
    %assign/vec4 v000001e165699470_0, 0;
    %pushi/vec4 0, 0, 16;
    %assign/vec4 v000001e16570f210_0, 0;
T_2.30 ;
T_2.20 ;
    %jmp T_2.6;
T_2.4 ;
    %load/vec4 v000001e16570f210_0;
    %pad/u 32;
    %cmpi/u 0, 0, 32;
    %flag_or 5, 4; GT is !LE
    %flag_inv 5;
    %jmp/0xz  T_2.31, 5;
    %load/vec4 v000001e16570f210_0;
    %subi 1, 0, 16;
    %assign/vec4 v000001e16570f210_0, 0;
T_2.31 ;
    %load/vec4 v000001e16564a630_0;
    %flag_set/vec4 8;
    %jmp/0xz  T_2.33, 8;
    %load/vec4 v000001e16570e160_0;
    %addi 1, 0, 16;
    %assign/vec4 v000001e16570e160_0, 0;
    %load/vec4 v000001e16570e160_0;
    %pad/u 32;
    %cmpi/u 1, 0, 32;
    %jmp/0xz  T_2.35, 5;
    %load/vec4 v000001e1656eced0_0;
    %ix/load 4, 0, 0;
    %ix/load 5, 0, 0;
    %flag_set/imm 4, 0;
    %assign/vec4/off/d v000001e16570f2b0_0, 4, 5;
    %jmp T_2.36;
T_2.35 ;
    %load/vec4 v000001e16570e160_0;
    %pad/u 32;
    %cmpi/u 2, 0, 32;
    %jmp/0xz  T_2.37, 5;
    %load/vec4 v000001e1656eced0_0;
    %ix/load 4, 2, 0;
    %ix/load 5, 0, 0;
    %flag_set/imm 4, 0;
    %assign/vec4/off/d v000001e16570f2b0_0, 4, 5;
    %jmp T_2.38;
T_2.37 ;
    %load/vec4 v000001e16570e160_0;
    %pad/u 32;
    %cmpi/u 3, 0, 32;
    %jmp/0xz  T_2.39, 5;
    %load/vec4 v000001e1656eced0_0;
    %ix/load 4, 4, 0;
    %ix/load 5, 0, 0;
    %flag_set/imm 4, 0;
    %assign/vec4/off/d v000001e16570f2b0_0, 4, 5;
    %jmp T_2.40;
T_2.39 ;
    %load/vec4 v000001e16570e160_0;
    %pad/u 32;
    %cmpi/u 4, 0, 32;
    %jmp/0xz  T_2.41, 5;
    %load/vec4 v000001e1656eced0_0;
    %ix/load 4, 6, 0;
    %ix/load 5, 0, 0;
    %flag_set/imm 4, 0;
    %assign/vec4/off/d v000001e16570f2b0_0, 4, 5;
    %pushi/vec4 1, 0, 1;
    %assign/vec4 v000001e1657de060_0, 0;
    %pushi/vec4 0, 0, 1;
    %assign/vec4 v000001e1657de6a0_0, 0;
T_2.41 ;
T_2.40 ;
T_2.38 ;
T_2.36 ;
    %jmp T_2.34;
T_2.33 ;
    %load/vec4 v000001e16570f210_0;
    %pad/u 32;
    %pushi/vec4 0, 0, 32;
    %cmp/e;
    %flag_get/vec4 4;
    %load/vec4 v000001e16570e160_0;
    %pad/u 32;
    %cmpi/u 3, 0, 32;
    %flag_get/vec4 5;
    %and;
    %flag_set/vec4 8;
    %jmp/0xz  T_2.43, 8;
    %pushi/vec4 0, 0, 16;
    %assign/vec4 v000001e16570e160_0, 0;
    %pushi/vec4 0, 0, 8;
    %assign/vec4 v000001e16570f2b0_0, 0;
    %pushi/vec4 0, 0, 1;
    %assign/vec4 v000001e1657de6a0_0, 0;
    %pushi/vec4 1, 0, 1;
    %assign/vec4 v000001e1656995b0_0, 0;
    %jmp T_2.44;
T_2.43 ;
    %pushi/vec4 0, 0, 8;
    %assign/vec4 v000001e16570f2b0_0, 0;
    %pushi/vec4 0, 0, 16;
    %assign/vec4 v000001e16570e160_0, 0;
T_2.44 ;
T_2.34 ;
    %jmp T_2.6;
T_2.5 ;
    %load/vec4 v000001e16564a630_0;
    %flag_set/vec4 8;
    %jmp/0xz  T_2.45, 8;
    %load/vec4 v000001e16570f210_0;
    %addi 1, 0, 16;
    %assign/vec4 v000001e16570f210_0, 0;
    %load/vec4 v000001e16570f210_0;
    %pad/u 32;
    %cmpi/u 1, 0, 32;
    %jmp/0xz  T_2.47, 5;
    %load/vec4 v000001e1656eced0_0;
    %ix/load 4, 0, 0;
    %ix/load 5, 0, 0;
    %flag_set/imm 4, 0;
    %assign/vec4/off/d v000001e165699470_0, 4, 5;
    %jmp T_2.48;
T_2.47 ;
    %load/vec4 v000001e16570f210_0;
    %pad/u 32;
    %cmpi/u 2, 0, 32;
    %jmp/0xz  T_2.49, 5;
    %load/vec4 v000001e1656eced0_0;
    %ix/load 4, 2, 0;
    %ix/load 5, 0, 0;
    %flag_set/imm 4, 0;
    %assign/vec4/off/d v000001e165699470_0, 4, 5;
    %jmp T_2.50;
T_2.49 ;
    %load/vec4 v000001e16570f210_0;
    %pad/u 32;
    %cmpi/u 3, 0, 32;
    %jmp/0xz  T_2.51, 5;
    %load/vec4 v000001e1656eced0_0;
    %ix/load 4, 4, 0;
    %ix/load 5, 0, 0;
    %flag_set/imm 4, 0;
    %assign/vec4/off/d v000001e165699470_0, 4, 5;
    %jmp T_2.52;
T_2.51 ;
    %load/vec4 v000001e16570f210_0;
    %pad/u 32;
    %cmpi/u 4, 0, 32;
    %jmp/0xz  T_2.53, 5;
    %load/vec4 v000001e1656eced0_0;
    %ix/load 4, 6, 0;
    %ix/load 5, 0, 0;
    %flag_set/imm 4, 0;
    %assign/vec4/off/d v000001e165699470_0, 4, 5;
    %pushi/vec4 0, 0, 1;
    %assign/vec4 v000001e165699650_0, 0;
    %pushi/vec4 1, 0, 1;
    %assign/vec4 v000001e1657de6a0_0, 0;
T_2.53 ;
T_2.52 ;
T_2.50 ;
T_2.48 ;
    %jmp T_2.46;
T_2.45 ;
    %pushi/vec4 0, 0, 16;
    %assign/vec4 v000001e16570f210_0, 0;
    %pushi/vec4 0, 0, 8;
    %assign/vec4 v000001e165699470_0, 0;
    %pushi/vec4 0, 0, 8;
    %assign/vec4 v000001e16570f2b0_0, 0;
T_2.46 ;
    %jmp T_2.6;
T_2.6 ;
    %pop/vec4 1;
T_2.1 ;
    %jmp T_2;
    .thread T_2;
    .scope S_000001e1656cdd40;
T_3 ;
Ewait_1 .event/or E_000001e165711c60, E_0x0;
    %wait Ewait_1;
    %load/vec4 v000001e1657dfc50_0;
    %load/vec4 v000001e1657e0470_0;
    %concat/vec4; draw_concat_vec4
    %load/vec4 v000001e1657df390_0;
    %concat/vec4; draw_concat_vec4
    %load/vec4 v000001e1657dfcf0_0;
    %concat/vec4; draw_concat_vec4
    %dup/vec4;
    %pushi/vec4 8, 0, 4;
    %cmp/u;
    %jmp/1 T_3.0, 6;
    %dup/vec4;
    %pushi/vec4 4, 0, 4;
    %cmp/u;
    %jmp/1 T_3.1, 6;
    %dup/vec4;
    %pushi/vec4 2, 0, 4;
    %cmp/u;
    %jmp/1 T_3.2, 6;
    %dup/vec4;
    %pushi/vec4 1, 0, 4;
    %cmp/u;
    %jmp/1 T_3.3, 6;
    %jmp T_3.4;
T_3.0 ;
    %pushi/vec4 0, 0, 1;
    %store/vec4 v000001e1657df250_0, 0, 1;
    %jmp T_3.4;
T_3.1 ;
    %pushi/vec4 0, 0, 1;
    %store/vec4 v000001e1657df250_0, 0, 1;
    %jmp T_3.4;
T_3.2 ;
    %load/vec4 v000001e1657df930_0;
    %flag_set/vec4 8;
    %jmp/0xz  T_3.5, 8;
    %load/vec4 v000001e1657df6b0_0;
    %store/vec4 v000001e1657dfe30_0, 0, 2;
    %pushi/vec4 1, 0, 1;
    %store/vec4 v000001e1657df250_0, 0, 1;
    %jmp T_3.6;
T_3.5 ;
    %pushi/vec4 0, 0, 1;
    %store/vec4 v000001e1657df250_0, 0, 1;
    %pushi/vec4 0, 0, 2;
    %store/vec4 v000001e1657dfe30_0, 0, 2;
T_3.6 ;
    %jmp T_3.4;
T_3.3 ;
    %pushi/vec4 0, 0, 2;
    %store/vec4 v000001e1657dfe30_0, 0, 2;
    %pushi/vec4 0, 0, 1;
    %store/vec4 v000001e1657df250_0, 0, 1;
    %jmp T_3.4;
T_3.4 ;
    %pop/vec4 1;
    %jmp T_3;
    .thread T_3, $push;
    .scope S_000001e1656cdd40;
T_4 ;
    %wait E_000001e165711ce0;
    %load/vec4 v000001e1657dfd90_0;
    %flag_set/vec4 8;
    %jmp/0xz  T_4.0, 8;
    %pushi/vec4 1, 0, 1;
    %assign/vec4 v000001e1657dfc50_0, 0;
    %pushi/vec4 0, 0, 1;
    %assign/vec4 v000001e1657df390_0, 0;
    %pushi/vec4 0, 0, 1;
    %assign/vec4 v000001e1657dfcf0_0, 0;
    %pushi/vec4 0, 0, 1;
    %assign/vec4 v000001e1657e0470_0, 0;
    %pushi/vec4 0, 0, 16;
    %assign/vec4 v000001e1657e0650_0, 0;
    %pushi/vec4 0, 0, 1;
    %assign/vec4 v000001e1657e05b0_0, 0;
    %pushi/vec4 0, 0, 48;
    %assign/vec4 v000001e1657e0330_0, 0;
    %pushi/vec4 3537024012, 0, 33;
    %concati/vec4 21649, 0, 15;
    %assign/vec4 v000001e1657df2f0_0, 0;
    %pushi/vec4 4294967295, 0, 32;
    %concati/vec4 65535, 0, 16;
    %assign/vec4 v000001e1657e0150_0, 0;
    %jmp T_4.1;
T_4.0 ;
    %load/vec4 v000001e1657dfc50_0;
    %load/vec4 v000001e1657e0470_0;
    %concat/vec4; draw_concat_vec4
    %load/vec4 v000001e1657df390_0;
    %concat/vec4; draw_concat_vec4
    %load/vec4 v000001e1657dfcf0_0;
    %concat/vec4; draw_concat_vec4
    %dup/vec4;
    %pushi/vec4 8, 0, 4;
    %cmp/u;
    %jmp/1 T_4.2, 6;
    %dup/vec4;
    %pushi/vec4 4, 0, 4;
    %cmp/u;
    %jmp/1 T_4.3, 6;
    %dup/vec4;
    %pushi/vec4 2, 0, 4;
    %cmp/u;
    %jmp/1 T_4.4, 6;
    %dup/vec4;
    %pushi/vec4 1, 0, 4;
    %cmp/u;
    %jmp/1 T_4.5, 6;
    %jmp T_4.6;
T_4.2 ;
    %load/vec4 v000001e1657df930_0;
    %flag_set/vec4 8;
    %jmp/0xz  T_4.7, 8;
    %load/vec4 v000001e1657e0650_0;
    %pad/u 32;
    %cmpi/u 23, 0, 32;
    %jmp/0xz  T_4.9, 5;
    %load/vec4 v000001e1657e0650_0;
    %addi 1, 0, 16;
    %assign/vec4 v000001e1657e0650_0, 0;
    %load/vec4 v000001e1657e0330_0;
    %parti/s 46, 0, 2;
    %load/vec4 v000001e1657df6b0_0;
    %concat/vec4; draw_concat_vec4
    %assign/vec4 v000001e1657e0330_0, 0;
    %jmp T_4.10;
T_4.9 ;
    %load/vec4 v000001e1657e0650_0;
    %pad/u 32;
    %cmpi/u 24, 0, 32;
    %jmp/0xz  T_4.11, 5;
    %load/vec4 v000001e1657e0650_0;
    %addi 1, 0, 16;
    %assign/vec4 v000001e1657e0650_0, 0;
    %load/vec4 v000001e1657e0330_0;
    %parti/s 46, 0, 2;
    %load/vec4 v000001e1657df6b0_0;
    %concat/vec4; draw_concat_vec4
    %load/vec4 v000001e1657e0150_0;
    %cmp/e;
    %flag_get/vec4 4;
    %load/vec4 v000001e1657e0330_0;
    %parti/s 46, 0, 2;
    %load/vec4 v000001e1657df6b0_0;
    %concat/vec4; draw_concat_vec4
    %load/vec4 v000001e1657df2f0_0;
    %cmp/e;
    %flag_get/vec4 4;
    %or;
    %flag_set/vec4 8;
    %jmp/0xz  T_4.13, 8;
    %pushi/vec4 0, 0, 1;
    %assign/vec4 v000001e1657dfc50_0, 0;
    %pushi/vec4 1, 0, 1;
    %assign/vec4 v000001e1657e0470_0, 0;
    %jmp T_4.14;
T_4.13 ;
    %pushi/vec4 0, 0, 1;
    %assign/vec4 v000001e1657dfc50_0, 0;
    %pushi/vec4 1, 0, 1;
    %assign/vec4 v000001e1657dfcf0_0, 0;
T_4.14 ;
T_4.11 ;
T_4.10 ;
    %jmp T_4.8;
T_4.7 ;
    %pushi/vec4 0, 0, 48;
    %assign/vec4 v000001e1657e0330_0, 0;
    %pushi/vec4 0, 0, 16;
    %assign/vec4 v000001e1657e0650_0, 0;
T_4.8 ;
    %jmp T_4.6;
T_4.3 ;
    %load/vec4 v000001e1657df930_0;
    %flag_set/vec4 8;
    %jmp/0xz  T_4.15, 8;
    %load/vec4 v000001e1657e0650_0;
    %addi 1, 0, 16;
    %assign/vec4 v000001e1657e0650_0, 0;
    %load/vec4 v000001e1657e0650_0;
    %pad/u 32;
    %cmpi/u 55, 0, 32;
    %flag_inv 5; GE is !LT
    %jmp/0xz  T_4.17, 5;
    %pushi/vec4 0, 0, 1;
    %assign/vec4 v000001e1657e0470_0, 0;
    %pushi/vec4 1, 0, 1;
    %assign/vec4 v000001e1657df390_0, 0;
T_4.17 ;
    %jmp T_4.16;
T_4.15 ;
    %pushi/vec4 0, 0, 48;
    %assign/vec4 v000001e1657e0330_0, 0;
    %pushi/vec4 0, 0, 16;
    %assign/vec4 v000001e1657e0650_0, 0;
    %pushi/vec4 1, 0, 1;
    %assign/vec4 v000001e1657dfc50_0, 0;
    %pushi/vec4 0, 0, 1;
    %assign/vec4 v000001e1657e0470_0, 0;
T_4.16 ;
    %jmp T_4.6;
T_4.4 ;
    %load/vec4 v000001e1657df930_0;
    %inv;
    %flag_set/vec4 8;
    %jmp/0xz  T_4.19, 8;
    %pushi/vec4 0, 0, 48;
    %assign/vec4 v000001e1657e0330_0, 0;
    %pushi/vec4 0, 0, 16;
    %assign/vec4 v000001e1657e0650_0, 0;
    %pushi/vec4 0, 0, 1;
    %assign/vec4 v000001e1657df390_0, 0;
    %pushi/vec4 1, 0, 1;
    %assign/vec4 v000001e1657dfc50_0, 0;
T_4.19 ;
    %jmp T_4.6;
T_4.5 ;
    %load/vec4 v000001e1657df930_0;
    %inv;
    %flag_set/vec4 8;
    %jmp/0xz  T_4.21, 8;
    %pushi/vec4 0, 0, 48;
    %assign/vec4 v000001e1657e0330_0, 0;
    %pushi/vec4 0, 0, 16;
    %assign/vec4 v000001e1657e0650_0, 0;
    %pushi/vec4 0, 0, 1;
    %assign/vec4 v000001e1657dfcf0_0, 0;
    %pushi/vec4 1, 0, 1;
    %assign/vec4 v000001e1657dfc50_0, 0;
T_4.21 ;
    %jmp T_4.6;
T_4.6 ;
    %pop/vec4 1;
T_4.1 ;
    %jmp T_4;
    .thread T_4;
    .scope S_000001e1656de2d0;
T_5 ;
    %wait E_000001e165711420;
    %pushi/vec4 0, 0, 32;
    %store/vec4 v000001e1657ded80_0, 0, 32;
T_5.0 ;
    %load/vec4 v000001e1657ded80_0;
    %cmpi/s 32, 0, 32;
    %jmp/0xz T_5.1, 5;
    %load/vec4 v000001e1657ded80_0;
    %dup/vec4;
    %pushi/vec4 0, 0, 32;
    %cmp/u;
    %jmp/1 T_5.2, 6;
    %dup/vec4;
    %pushi/vec4 1, 0, 32;
    %cmp/u;
    %jmp/1 T_5.3, 6;
    %dup/vec4;
    %pushi/vec4 4, 0, 32;
    %cmp/u;
    %jmp/1 T_5.4, 6;
    %dup/vec4;
    %pushi/vec4 7, 0, 32;
    %cmp/u;
    %jmp/1 T_5.5, 6;
    %dup/vec4;
    %pushi/vec4 10, 0, 32;
    %cmp/u;
    %jmp/1 T_5.6, 6;
    %dup/vec4;
    %pushi/vec4 16, 0, 32;
    %cmp/u;
    %jmp/1 T_5.7, 6;
    %dup/vec4;
    %pushi/vec4 22, 0, 32;
    %cmp/u;
    %jmp/1 T_5.8, 6;
    %dup/vec4;
    %pushi/vec4 26, 0, 32;
    %cmp/u;
    %jmp/1 T_5.9, 6;
    %dup/vec4;
    %pushi/vec4 2, 0, 32;
    %cmp/u;
    %jmp/1 T_5.10, 6;
    %dup/vec4;
    %pushi/vec4 5, 0, 32;
    %cmp/u;
    %jmp/1 T_5.11, 6;
    %dup/vec4;
    %pushi/vec4 8, 0, 32;
    %cmp/u;
    %jmp/1 T_5.12, 6;
    %dup/vec4;
    %pushi/vec4 11, 0, 32;
    %cmp/u;
    %jmp/1 T_5.13, 6;
    %dup/vec4;
    %pushi/vec4 12, 0, 32;
    %cmp/u;
    %jmp/1 T_5.14, 6;
    %dup/vec4;
    %pushi/vec4 23, 0, 32;
    %cmp/u;
    %jmp/1 T_5.15, 6;
    %dup/vec4;
    %pushi/vec4 3, 0, 32;
    %cmp/u;
    %jmp/1 T_5.16, 6;
    %dup/vec4;
    %pushi/vec4 6, 0, 32;
    %cmp/u;
    %jmp/1 T_5.17, 6;
    %dup/vec4;
    %pushi/vec4 9, 0, 32;
    %cmp/u;
    %jmp/1 T_5.18, 6;
    %dup/vec4;
    %pushi/vec4 13, 0, 32;
    %cmp/u;
    %jmp/1 T_5.19, 6;
    %dup/vec4;
    %pushi/vec4 17, 0, 32;
    %cmp/u;
    %jmp/1 T_5.20, 6;
    %dup/vec4;
    %pushi/vec4 24, 0, 32;
    %cmp/u;
    %jmp/1 T_5.21, 6;
    %dup/vec4;
    %pushi/vec4 27, 0, 32;
    %cmp/u;
    %jmp/1 T_5.22, 6;
    %load/vec4 v000001e1657de100_0;
    %load/vec4 v000001e1657ded80_0;
    %subi 2, 0, 32;
    %part/s 1;
    %ix/getv/s 4, v000001e1657ded80_0;
    %store/vec4 v000001e1657de920_0, 4, 1;
    %jmp T_5.24;
T_5.2 ;
    %load/vec4 v000001e1657de100_0;
    %parti/s 1, 30, 6;
    %load/vec4 v000001e1657dece0_0;
    %parti/s 1, 1, 2;
    %xor;
    %ix/getv/s 4, v000001e1657ded80_0;
    %store/vec4 v000001e1657de920_0, 4, 1;
    %jmp T_5.24;
T_5.3 ;
    %load/vec4 v000001e1657de100_0;
    %parti/s 1, 31, 6;
    %load/vec4 v000001e1657dece0_0;
    %parti/s 1, 0, 2;
    %xor;
    %load/vec4 v000001e1657de100_0;
    %parti/s 1, 30, 6;
    %load/vec4 v000001e1657dece0_0;
    %parti/s 1, 1, 2;
    %xor;
    %xor;
    %ix/getv/s 4, v000001e1657ded80_0;
    %store/vec4 v000001e1657de920_0, 4, 1;
    %jmp T_5.24;
T_5.4 ;
    %load/vec4 v000001e1657de100_0;
    %load/vec4 v000001e1657ded80_0;
    %subi 2, 0, 32;
    %part/s 1;
    %load/vec4 v000001e1657de100_0;
    %parti/s 1, 30, 6;
    %load/vec4 v000001e1657dece0_0;
    %parti/s 1, 1, 2;
    %xor;
    %xor;
    %ix/getv/s 4, v000001e1657ded80_0;
    %store/vec4 v000001e1657de920_0, 4, 1;
    %jmp T_5.24;
T_5.5 ;
    %load/vec4 v000001e1657de100_0;
    %load/vec4 v000001e1657ded80_0;
    %subi 2, 0, 32;
    %part/s 1;
    %load/vec4 v000001e1657de100_0;
    %parti/s 1, 30, 6;
    %load/vec4 v000001e1657dece0_0;
    %parti/s 1, 1, 2;
    %xor;
    %xor;
    %ix/getv/s 4, v000001e1657ded80_0;
    %store/vec4 v000001e1657de920_0, 4, 1;
    %jmp T_5.24;
T_5.6 ;
    %load/vec4 v000001e1657de100_0;
    %load/vec4 v000001e1657ded80_0;
    %subi 2, 0, 32;
    %part/s 1;
    %load/vec4 v000001e1657de100_0;
    %parti/s 1, 30, 6;
    %load/vec4 v000001e1657dece0_0;
    %parti/s 1, 1, 2;
    %xor;
    %xor;
    %ix/getv/s 4, v000001e1657ded80_0;
    %store/vec4 v000001e1657de920_0, 4, 1;
    %jmp T_5.24;
T_5.7 ;
    %load/vec4 v000001e1657de100_0;
    %load/vec4 v000001e1657ded80_0;
    %subi 2, 0, 32;
    %part/s 1;
    %load/vec4 v000001e1657de100_0;
    %parti/s 1, 30, 6;
    %load/vec4 v000001e1657dece0_0;
    %parti/s 1, 1, 2;
    %xor;
    %xor;
    %ix/getv/s 4, v000001e1657ded80_0;
    %store/vec4 v000001e1657de920_0, 4, 1;
    %jmp T_5.24;
T_5.8 ;
    %load/vec4 v000001e1657de100_0;
    %load/vec4 v000001e1657ded80_0;
    %subi 2, 0, 32;
    %part/s 1;
    %load/vec4 v000001e1657de100_0;
    %parti/s 1, 30, 6;
    %load/vec4 v000001e1657dece0_0;
    %parti/s 1, 1, 2;
    %xor;
    %xor;
    %ix/getv/s 4, v000001e1657ded80_0;
    %store/vec4 v000001e1657de920_0, 4, 1;
    %jmp T_5.24;
T_5.9 ;
    %load/vec4 v000001e1657de100_0;
    %load/vec4 v000001e1657ded80_0;
    %subi 2, 0, 32;
    %part/s 1;
    %load/vec4 v000001e1657de100_0;
    %parti/s 1, 30, 6;
    %load/vec4 v000001e1657dece0_0;
    %parti/s 1, 1, 2;
    %xor;
    %xor;
    %ix/getv/s 4, v000001e1657ded80_0;
    %store/vec4 v000001e1657de920_0, 4, 1;
    %jmp T_5.24;
T_5.10 ;
    %load/vec4 v000001e1657de100_0;
    %load/vec4 v000001e1657ded80_0;
    %subi 2, 0, 32;
    %part/s 1;
    %load/vec4 v000001e1657de100_0;
    %parti/s 1, 31, 6;
    %load/vec4 v000001e1657dece0_0;
    %parti/s 1, 0, 2;
    %xor;
    %load/vec4 v000001e1657de100_0;
    %parti/s 1, 30, 6;
    %load/vec4 v000001e1657dece0_0;
    %parti/s 1, 1, 2;
    %xor;
    %xor;
    %xor;
    %ix/getv/s 4, v000001e1657ded80_0;
    %store/vec4 v000001e1657de920_0, 4, 1;
    %jmp T_5.24;
T_5.11 ;
    %load/vec4 v000001e1657de100_0;
    %load/vec4 v000001e1657ded80_0;
    %subi 2, 0, 32;
    %part/s 1;
    %load/vec4 v000001e1657de100_0;
    %parti/s 1, 31, 6;
    %load/vec4 v000001e1657dece0_0;
    %parti/s 1, 0, 2;
    %xor;
    %load/vec4 v000001e1657de100_0;
    %parti/s 1, 30, 6;
    %load/vec4 v000001e1657dece0_0;
    %parti/s 1, 1, 2;
    %xor;
    %xor;
    %xor;
    %ix/getv/s 4, v000001e1657ded80_0;
    %store/vec4 v000001e1657de920_0, 4, 1;
    %jmp T_5.24;
T_5.12 ;
    %load/vec4 v000001e1657de100_0;
    %load/vec4 v000001e1657ded80_0;
    %subi 2, 0, 32;
    %part/s 1;
    %load/vec4 v000001e1657de100_0;
    %parti/s 1, 31, 6;
    %load/vec4 v000001e1657dece0_0;
    %parti/s 1, 0, 2;
    %xor;
    %load/vec4 v000001e1657de100_0;
    %parti/s 1, 30, 6;
    %load/vec4 v000001e1657dece0_0;
    %parti/s 1, 1, 2;
    %xor;
    %xor;
    %xor;
    %ix/getv/s 4, v000001e1657ded80_0;
    %store/vec4 v000001e1657de920_0, 4, 1;
    %jmp T_5.24;
T_5.13 ;
    %load/vec4 v000001e1657de100_0;
    %load/vec4 v000001e1657ded80_0;
    %subi 2, 0, 32;
    %part/s 1;
    %load/vec4 v000001e1657de100_0;
    %parti/s 1, 31, 6;
    %load/vec4 v000001e1657dece0_0;
    %parti/s 1, 0, 2;
    %xor;
    %load/vec4 v000001e1657de100_0;
    %parti/s 1, 30, 6;
    %load/vec4 v000001e1657dece0_0;
    %parti/s 1, 1, 2;
    %xor;
    %xor;
    %xor;
    %ix/getv/s 4, v000001e1657ded80_0;
    %store/vec4 v000001e1657de920_0, 4, 1;
    %jmp T_5.24;
T_5.14 ;
    %load/vec4 v000001e1657de100_0;
    %load/vec4 v000001e1657ded80_0;
    %subi 2, 0, 32;
    %part/s 1;
    %load/vec4 v000001e1657de100_0;
    %parti/s 1, 31, 6;
    %load/vec4 v000001e1657dece0_0;
    %parti/s 1, 0, 2;
    %xor;
    %load/vec4 v000001e1657de100_0;
    %parti/s 1, 30, 6;
    %load/vec4 v000001e1657dece0_0;
    %parti/s 1, 1, 2;
    %xor;
    %xor;
    %xor;
    %ix/getv/s 4, v000001e1657ded80_0;
    %store/vec4 v000001e1657de920_0, 4, 1;
    %jmp T_5.24;
T_5.15 ;
    %load/vec4 v000001e1657de100_0;
    %load/vec4 v000001e1657ded80_0;
    %subi 2, 0, 32;
    %part/s 1;
    %load/vec4 v000001e1657de100_0;
    %parti/s 1, 31, 6;
    %load/vec4 v000001e1657dece0_0;
    %parti/s 1, 0, 2;
    %xor;
    %load/vec4 v000001e1657de100_0;
    %parti/s 1, 30, 6;
    %load/vec4 v000001e1657dece0_0;
    %parti/s 1, 1, 2;
    %xor;
    %xor;
    %xor;
    %ix/getv/s 4, v000001e1657ded80_0;
    %store/vec4 v000001e1657de920_0, 4, 1;
    %jmp T_5.24;
T_5.16 ;
    %load/vec4 v000001e1657de100_0;
    %load/vec4 v000001e1657ded80_0;
    %subi 2, 0, 32;
    %part/s 1;
    %load/vec4 v000001e1657de100_0;
    %parti/s 1, 31, 6;
    %load/vec4 v000001e1657dece0_0;
    %parti/s 1, 0, 2;
    %xor;
    %xor;
    %ix/getv/s 4, v000001e1657ded80_0;
    %store/vec4 v000001e1657de920_0, 4, 1;
    %jmp T_5.24;
T_5.17 ;
    %load/vec4 v000001e1657de100_0;
    %load/vec4 v000001e1657ded80_0;
    %subi 2, 0, 32;
    %part/s 1;
    %load/vec4 v000001e1657de100_0;
    %parti/s 1, 31, 6;
    %load/vec4 v000001e1657dece0_0;
    %parti/s 1, 0, 2;
    %xor;
    %xor;
    %ix/getv/s 4, v000001e1657ded80_0;
    %store/vec4 v000001e1657de920_0, 4, 1;
    %jmp T_5.24;
T_5.18 ;
    %load/vec4 v000001e1657de100_0;
    %load/vec4 v000001e1657ded80_0;
    %subi 2, 0, 32;
    %part/s 1;
    %load/vec4 v000001e1657de100_0;
    %parti/s 1, 31, 6;
    %load/vec4 v000001e1657dece0_0;
    %parti/s 1, 0, 2;
    %xor;
    %xor;
    %ix/getv/s 4, v000001e1657ded80_0;
    %store/vec4 v000001e1657de920_0, 4, 1;
    %jmp T_5.24;
T_5.19 ;
    %load/vec4 v000001e1657de100_0;
    %load/vec4 v000001e1657ded80_0;
    %subi 2, 0, 32;
    %part/s 1;
    %load/vec4 v000001e1657de100_0;
    %parti/s 1, 31, 6;
    %load/vec4 v000001e1657dece0_0;
    %parti/s 1, 0, 2;
    %xor;
    %xor;
    %ix/getv/s 4, v000001e1657ded80_0;
    %store/vec4 v000001e1657de920_0, 4, 1;
    %jmp T_5.24;
T_5.20 ;
    %load/vec4 v000001e1657de100_0;
    %load/vec4 v000001e1657ded80_0;
    %subi 2, 0, 32;
    %part/s 1;
    %load/vec4 v000001e1657de100_0;
    %parti/s 1, 31, 6;
    %load/vec4 v000001e1657dece0_0;
    %parti/s 1, 0, 2;
    %xor;
    %xor;
    %ix/getv/s 4, v000001e1657ded80_0;
    %store/vec4 v000001e1657de920_0, 4, 1;
    %jmp T_5.24;
T_5.21 ;
    %load/vec4 v000001e1657de100_0;
    %load/vec4 v000001e1657ded80_0;
    %subi 2, 0, 32;
    %part/s 1;
    %load/vec4 v000001e1657de100_0;
    %parti/s 1, 31, 6;
    %load/vec4 v000001e1657dece0_0;
    %parti/s 1, 0, 2;
    %xor;
    %xor;
    %ix/getv/s 4, v000001e1657ded80_0;
    %store/vec4 v000001e1657de920_0, 4, 1;
    %jmp T_5.24;
T_5.22 ;
    %load/vec4 v000001e1657de100_0;
    %load/vec4 v000001e1657ded80_0;
    %subi 2, 0, 32;
    %part/s 1;
    %load/vec4 v000001e1657de100_0;
    %parti/s 1, 31, 6;
    %load/vec4 v000001e1657dece0_0;
    %parti/s 1, 0, 2;
    %xor;
    %xor;
    %ix/getv/s 4, v000001e1657ded80_0;
    %store/vec4 v000001e1657de920_0, 4, 1;
    %jmp T_5.24;
T_5.24 ;
    %pop/vec4 1;
    %load/vec4 v000001e1657ded80_0;
    %addi 1, 0, 32;
    %store/vec4 v000001e1657ded80_0, 0, 32;
    %jmp T_5.0;
T_5.1 ;
    %jmp T_5;
    .thread T_5, $push;
    .scope S_000001e1656de2d0;
T_6 ;
    %wait E_000001e165711ce0;
    %load/vec4 v000001e1657dee20_0;
    %flag_set/vec4 8;
    %jmp/0xz  T_6.0, 8;
    %pushi/vec4 4294967295, 0, 32;
    %assign/vec4 v000001e1657de100_0, 0;
    %jmp T_6.1;
T_6.0 ;
    %load/vec4 v000001e1657de740_0;
    %flag_set/vec4 8;
    %jmp/0 T_6.2, 8;
    %load/vec4 v000001e1657de920_0;
    %jmp/1 T_6.3, 8;
T_6.2 ; End of true expr.
    %load/vec4 v000001e1657de100_0;
    %jmp/0 T_6.3, 8;
 ; End of false expr.
    %blend;
T_6.3;
    %assign/vec4 v000001e1657de100_0, 0;
T_6.1 ;
    %jmp T_6;
    .thread T_6;
    .scope S_000001e1656de140;
T_7 ;
    %wait E_000001e165711ce0;
    %load/vec4 v000001e1657de600_0;
    %flag_set/vec4 8;
    %jmp/0xz  T_7.0, 8;
    %pushi/vec4 1, 0, 1;
    %assign/vec4 v000001e1657de380_0, 0;
    %pushi/vec4 0, 0, 1;
    %assign/vec4 v000001e1657deec0_0, 0;
    %pushi/vec4 0, 0, 1;
    %assign/vec4 v000001e1657de560_0, 0;
    %pushi/vec4 0, 0, 1;
    %assign/vec4 v000001e1657de240_0, 0;
    %pushi/vec4 1, 0, 1;
    %assign/vec4 v000001e1657de420_0, 0;
    %pushi/vec4 0, 0, 1;
    %assign/vec4 v000001e1657de1a0_0, 0;
    %pushi/vec4 0, 0, 1;
    %assign/vec4 v000001e1657de2e0_0, 0;
    %jmp T_7.1;
T_7.0 ;
    %load/vec4 v000001e1657deec0_0;
    %load/vec4 v000001e1657de380_0;
    %concat/vec4; draw_concat_vec4
    %dup/vec4;
    %pushi/vec4 2, 0, 2;
    %cmp/u;
    %jmp/1 T_7.2, 6;
    %dup/vec4;
    %pushi/vec4 1, 0, 2;
    %cmp/u;
    %jmp/1 T_7.3, 6;
    %jmp T_7.4;
T_7.2 ;
    %load/vec4 v000001e1657dea60_0;
    %inv;
    %flag_set/vec4 8;
    %jmp/0xz  T_7.5, 8;
    %load/vec4 v000001e1657def60_0;
    %cmpi/e 955982468, 0, 32;
    %jmp/0xz  T_7.7, 4;
    %pushi/vec4 0, 0, 1;
    %assign/vec4 v000001e1657de2e0_0, 0;
    %pushi/vec4 1, 0, 1;
    %assign/vec4 v000001e1657de1a0_0, 0;
    %jmp T_7.8;
T_7.7 ;
    %pushi/vec4 1, 0, 1;
    %assign/vec4 v000001e1657de1a0_0, 0;
    %pushi/vec4 1, 0, 1;
    %assign/vec4 v000001e1657de2e0_0, 0;
T_7.8 ;
    %pushi/vec4 0, 0, 1;
    %assign/vec4 v000001e1657deec0_0, 0;
    %pushi/vec4 1, 0, 1;
    %assign/vec4 v000001e1657de380_0, 0;
    %pushi/vec4 1, 0, 1;
    %assign/vec4 v000001e1657de420_0, 0;
T_7.5 ;
    %jmp T_7.4;
T_7.3 ;
    %pushi/vec4 0, 0, 1;
    %assign/vec4 v000001e1657de420_0, 0;
    %load/vec4 v000001e1657de1a0_0;
    %assign/vec4 v000001e1657de1a0_0, 0;
    %load/vec4 v000001e1657de2e0_0;
    %assign/vec4 v000001e1657de2e0_0, 0;
    %load/vec4 v000001e1657dea60_0;
    %flag_set/vec4 8;
    %jmp/0xz  T_7.9, 8;
    %pushi/vec4 0, 0, 1;
    %assign/vec4 v000001e1657de1a0_0, 0;
    %pushi/vec4 0, 0, 1;
    %assign/vec4 v000001e1657de2e0_0, 0;
    %pushi/vec4 0, 0, 1;
    %assign/vec4 v000001e1657de380_0, 0;
    %pushi/vec4 1, 0, 1;
    %assign/vec4 v000001e1657deec0_0, 0;
T_7.9 ;
    %jmp T_7.4;
T_7.4 ;
    %pop/vec4 1;
T_7.1 ;
    %jmp T_7;
    .thread T_7;
    .scope S_000001e16570f810;
T_8 ;
    %pushi/vec4 2863311530, 0, 33;
    %concati/vec4 2863311787, 0, 32;
    %concati/vec4 4294967295, 0, 32;
    %concati/vec4 4294967295, 0, 32;
    %concati/vec4 4294967294, 0, 32;
    %concati/vec4 2148013697, 0, 54;
    %concati/vec4 3421780262, 0, 297;
    %store/vec4 v000001e1657e28e0_0, 0, 512;
    %end;
    .thread T_8, $init;
    .scope S_000001e16570f810;
T_9 ;
    %delay 10000, 0;
    %load/vec4 v000001e1657df4d0_0;
    %nor/r;
    %store/vec4 v000001e1657df4d0_0, 0, 1;
    %jmp T_9;
    .thread T_9;
    .scope S_000001e16570f810;
T_10 ;
    %vpi_call/w 3 33 "$dumpfile", "receive.vcd" {0 0 0};
    %vpi_call/w 3 34 "$dumpvars", 32'sb00000000000000000000000000000000, S_000001e16570f810 {0 0 0};
    %vpi_call/w 3 35 "$display", "Starting Sim" {0 0 0};
    %pushi/vec4 0, 0, 1;
    %store/vec4 v000001e1657df4d0_0, 0, 1;
    %pushi/vec4 1, 0, 1;
    %store/vec4 v000001e1657df430_0, 0, 1;
    %delay 20000, 0;
    %pushi/vec4 0, 0, 1;
    %store/vec4 v000001e1657df430_0, 0, 1;
    %pushi/vec4 0, 0, 1;
    %store/vec4 v000001e1657e1c60_0, 0, 1;
    %pushi/vec4 0, 0, 2;
    %store/vec4 v000001e1657e1940_0, 0, 2;
    %delay 20000, 0;
T_10.0 ;
    %load/vec4 v000001e1657e28e0_0;
    %cmpi/ne 0, 0, 512;
    %jmp/0xz T_10.1, 4;
    %pushi/vec4 1, 0, 1;
    %store/vec4 v000001e1657e1c60_0, 0, 1;
    %load/vec4 v000001e1657e28e0_0;
    %parti/s 2, 510, 10;
    %store/vec4 v000001e1657e1940_0, 0, 2;
    %load/vec4 v000001e1657e28e0_0;
    %parti/s 510, 0, 2;
    %concati/vec4 0, 0, 2;
    %store/vec4 v000001e1657e28e0_0, 0, 512;
    %delay 20000, 0;
    %jmp T_10.0;
T_10.1 ;
    %pushi/vec4 0, 0, 1;
    %store/vec4 v000001e1657e1c60_0, 0, 1;
    %pushi/vec4 0, 0, 2;
    %store/vec4 v000001e1657e1940_0, 0, 2;
    %delay 40000, 0;
    %delay 10000000, 0;
    %vpi_call/w 3 57 "$display", "Finishing Sim" {0 0 0};
    %vpi_call/w 3 58 "$finish" {0 0 0};
    %end;
    .thread T_10;
# The file index is used to find the file name in the following table.
:file_names 10;
    "N/A";
    "<interactive>";
    "-";
    "sim/receive_tb.sv";
    "src/receive.sv";
    "src/bitorder.sv";
    "src/cksum.sv";
    "src/crc32.sv";
    "src/ether.sv";
    "src/firewall.sv";
