#! /c/Source/iverilog-install/bin/vvp
:ivl_version "12.0 (devel)" "(s20150603-1539-g2693dd32b)";
:ivl_delay_selection "TYPICAL";
:vpi_time_precision - 12;
:vpi_module "C:\iverilog\lib\ivl\system.vpi";
:vpi_module "C:\iverilog\lib\ivl\vhdl_sys.vpi";
:vpi_module "C:\iverilog\lib\ivl\vhdl_textio.vpi";
:vpi_module "C:\iverilog\lib\ivl\v2005_math.vpi";
:vpi_module "C:\iverilog\lib\ivl\va_math.vpi";
:vpi_module "C:\iverilog\lib\ivl\v2009.vpi";
S_000001be3b48c990 .scope package, "$unit" "$unit" 2 1;
 .timescale 0 0;
S_000001be3b491770 .scope module, "bitorder" "bitorder" 3 5;
 .timescale -9 -12;
    .port_info 0 /INPUT 1 "clk";
    .port_info 1 /INPUT 1 "rst";
    .port_info 2 /INPUT 1 "axiiv";
    .port_info 3 /INPUT 2 "axiid";
    .port_info 4 /OUTPUT 2 "axiod";
    .port_info 5 /OUTPUT 1 "axiov";
o000001be3b492ae8 .functor BUFZ 2, C4<zz>; HiZ drive
v000001be3b422fc0_0 .net "axiid", 1 0, o000001be3b492ae8;  0 drivers
o000001be3b492b18 .functor BUFZ 1, C4<z>; HiZ drive
v000001be3b48ccb0_0 .net "axiiv", 0 0, o000001be3b492b18;  0 drivers
v000001be3b45f2a0_0 .var "axiod", 1 0;
v000001be3b4ebe30_0 .var "axiov", 0 0;
v000001be3b4eb9d0_0 .var "b1_count", 15 0;
v000001be3b4eb570_0 .var "b2_count", 15 0;
v000001be3b4ebd90_0 .var "buff1", 7 0;
v000001be3b4eb390_0 .var "buff2", 7 0;
o000001be3b492c68 .functor BUFZ 1, C4<z>; HiZ drive
v000001be3b4eba70_0 .net "clk", 0 0, o000001be3b492c68;  0 drivers
v000001be3b4ebbb0_0 .var "read_buff1", 0 0;
v000001be3b4eb070_0 .var "read_buff2", 0 0;
v000001be3b4ebed0_0 .var "readout_buff1", 0 0;
v000001be3b4ebc50_0 .var "readout_buff2", 0 0;
o000001be3b492d58 .functor BUFZ 1, C4<z>; HiZ drive
v000001be3b4ebf70_0 .net "rst", 0 0, o000001be3b492d58;  0 drivers
E_000001be3b4504c0 .event posedge, v000001be3b4eba70_0;
E_000001be3b450880/0 .event anyedge, v000001be3b4ebf70_0, v000001be3b4ebbb0_0, v000001be3b4ebed0_0, v000001be3b4ebc50_0;
E_000001be3b450880/1 .event anyedge, v000001be3b4eb070_0, v000001be3b4eb9d0_0, v000001be3b4ebd90_0, v000001be3b4ebd90_0;
E_000001be3b450880/2 .event anyedge, v000001be3b4ebd90_0, v000001be3b4ebd90_0, v000001be3b4eb570_0, v000001be3b4eb390_0;
E_000001be3b450880/3 .event anyedge, v000001be3b4eb390_0, v000001be3b4eb390_0, v000001be3b4eb390_0;
E_000001be3b450880 .event/or E_000001be3b450880/0, E_000001be3b450880/1, E_000001be3b450880/2, E_000001be3b450880/3;
S_000001be3b45f110 .scope module, "transmit_tb" "transmit_tb" 4 4;
 .timescale -9 -12;
v000001be3b4ec080_0 .var "dir", 8 0;
v000001be3b4ecd00_0 .var "eth_clk", 0 0;
v000001be3b4edb60_0 .var "eth_rst", 0 0;
v000001be3b4ec760_0 .net "eth_txd", 1 0, v000001be3b4ec260_0;  1 drivers
v000001be3b4edde0_0 .net "eth_txen", 0 0, v000001be3b4ec300_0;  1 drivers
v000001be3b4ec800_0 .var "game_stat", 2 0;
v000001be3b4ed3e0_0 .var "hcount", 10 0;
v000001be3b4ec8a0_0 .var "player_x", 10 0;
v000001be3b4edf20_0 .var "player_y", 10 0;
v000001be3b4ed480_0 .var "vcount", 9 0;
S_000001be3b45f340 .scope module, "t1" "transmit" 4 18, 5 5 0, S_000001be3b45f110;
 .timescale -9 -12;
    .port_info 0 /INPUT 1 "eth_clk";
    .port_info 1 /INPUT 1 "eth_rst";
    .port_info 2 /INPUT 11 "hcount";
    .port_info 3 /INPUT 10 "vcount";
    .port_info 4 /INPUT 11 "player_x";
    .port_info 5 /INPUT 11 "player_y";
    .port_info 6 /INPUT 9 "direction";
    .port_info 7 /INPUT 3 "game_stat";
    .port_info 8 /OUTPUT 2 "eth_txd";
    .port_info 9 /OUTPUT 1 "eth_txen";
L_000001be3b510238 .functor BUFT 1, C4<0>, C4<0>, C4<0>, C4<0>;
v000001be3b4eb6b0_0 .net/2u *"_ivl_12", 0 0, L_000001be3b510238;  1 drivers
v000001be3b4eb930_0 .net *"_ivl_14", 11 0, L_000001be3b4ede80;  1 drivers
L_000001be3b510280 .functor BUFT 1, C4<0>, C4<0>, C4<0>, C4<0>;
v000001be3b4ebb10_0 .net/2u *"_ivl_16", 0 0, L_000001be3b510280;  1 drivers
v000001be3b4eb610_0 .net *"_ivl_18", 11 0, L_000001be3b4ecb20;  1 drivers
L_000001be3b5102c8 .functor BUFT 1, C4<000>, C4<0>, C4<0>, C4<0>;
v000001be3b4eb750_0 .net/2u *"_ivl_20", 2 0, L_000001be3b5102c8;  1 drivers
v000001be3b4eb890_0 .net *"_ivl_22", 11 0, L_000001be3b4ec1c0;  1 drivers
L_000001be3b510310 .functor BUFT 1, C4<0>, C4<0>, C4<0>, C4<0>;
v000001be3b4eb110_0 .net/2u *"_ivl_24", 0 0, L_000001be3b510310;  1 drivers
v000001be3b4ebcf0_0 .net *"_ivl_26", 3 0, L_000001be3b4ed2a0;  1 drivers
L_000001be3b510358 .functor BUFT 1, C4<000000000000000000000000000000000000000000000000000000000000000000000000000000000000000000000000000000000000000000000000000000000000000000000000000000000000000000000000000000000000000000000000000000000000000000000000000000000000000000000000000000000000000000000000>, C4<0>, C4<0>, C4<0>;
v000001be3b4eb1b0_0 .net/2u *"_ivl_30", 263 0, L_000001be3b510358;  1 drivers
v000001be3b4eb4d0_0 .var "buffer", 511 0;
v000001be3b4eb250_0 .var "counter", 0 0;
v000001be3b4eb7f0_0 .net "data", 39 0, L_000001be3b4ecbc0;  1 drivers
L_000001be3b510118 .functor BUFT 1, C4<111111111111111111111111111111111111111111111111>, C4<0>, C4<0>, C4<0>;
v000001be3b4eb2f0_0 .net "dest_addr", 47 0, L_000001be3b510118;  1 drivers
v000001be3b4eb430_0 .net "direction", 8 0, v000001be3b4ec080_0;  1 drivers
v000001be3b4ec4e0_0 .net "eth_clk", 0 0, v000001be3b4ecd00_0;  1 drivers
v000001be3b4ec940_0 .net "eth_rst", 0 0, v000001be3b4edb60_0;  1 drivers
v000001be3b4ec260_0 .var "eth_txd", 1 0;
v000001be3b4ec300_0 .var "eth_txen", 0 0;
L_000001be3b5101f0 .functor BUFT 1, C4<11001011111101000011100100100110>, C4<0>, C4<0>, C4<0>;
v000001be3b4ec9e0_0 .net "fcs", 31 0, L_000001be3b5101f0;  1 drivers
v000001be3b4eca80_0 .net "game_stat", 2 0, v000001be3b4ec800_0;  1 drivers
v000001be3b4ec3a0_0 .net "hcount", 10 0, v000001be3b4ed3e0_0;  1 drivers
L_000001be3b5101a8 .functor BUFT 1, C4<0000000000000000>, C4<0>, C4<0>, C4<0>;
v000001be3b4ec440_0 .net "len", 15 0, L_000001be3b5101a8;  1 drivers
v000001be3b4ed200_0 .net "message", 511 0, L_000001be3b4eda20;  1 drivers
v000001be3b4ec580_0 .net "player_x", 10 0, v000001be3b4ec8a0_0;  1 drivers
v000001be3b4ecc60_0 .net "player_y", 10 0, v000001be3b4edf20_0;  1 drivers
L_000001be3b510088 .functor BUFT 1, C4<01010101010101010101010101010101010101010101010101010101>, C4<0>, C4<0>, C4<0>;
v000001be3b4ed660_0 .net "preamble", 55 0, L_000001be3b510088;  1 drivers
L_000001be3b5100d0 .functor BUFT 1, C4<11010101>, C4<0>, C4<0>, C4<0>;
v000001be3b4ec6c0_0 .net "sfd", 7 0, L_000001be3b5100d0;  1 drivers
L_000001be3b510160 .functor BUFT 1, C4<111111111111111111111111111111111111111111111111>, C4<0>, C4<0>, C4<0>;
v000001be3b4ed5c0_0 .net "source_addr", 47 0, L_000001be3b510160;  1 drivers
v000001be3b4edc00_0 .var "state", 1 0;
v000001be3b4ec620_0 .net "vcount", 9 0, v000001be3b4ed480_0;  1 drivers
E_000001be3b450a80 .event posedge, v000001be3b4ec4e0_0;
L_000001be3b4ede80 .concat [ 1 11 0 0], L_000001be3b510238, v000001be3b4ec8a0_0;
L_000001be3b4ecb20 .concat [ 1 11 0 0], L_000001be3b510280, v000001be3b4edf20_0;
L_000001be3b4ec1c0 .concat [ 3 9 0 0], L_000001be3b5102c8, v000001be3b4ec080_0;
L_000001be3b4ed2a0 .concat [ 1 3 0 0], L_000001be3b510310, v000001be3b4ec800_0;
L_000001be3b4ecbc0 .concat [ 4 12 12 12], L_000001be3b4ed2a0, L_000001be3b4ec1c0, L_000001be3b4ecb20, L_000001be3b4ede80;
LS_000001be3b4eda20_0_0 .concat [ 32 264 40 16], L_000001be3b5101f0, L_000001be3b510358, L_000001be3b4ecbc0, L_000001be3b5101a8;
LS_000001be3b4eda20_0_4 .concat [ 48 48 8 56], L_000001be3b510160, L_000001be3b510118, L_000001be3b5100d0, L_000001be3b510088;
L_000001be3b4eda20 .concat [ 352 160 0 0], LS_000001be3b4eda20_0_0, LS_000001be3b4eda20_0_4;
    .scope S_000001be3b491770;
T_0 ;
Ewait_0 .event/or E_000001be3b450880, E_0x0;
    %wait Ewait_0;
    %load/vec4 v000001be3b4ebf70_0;
    %flag_set/vec4 8;
    %jmp/0xz  T_0.0, 8;
    %pushi/vec4 0, 0, 1;
    %store/vec4 v000001be3b4ebe30_0, 0, 1;
    %pushi/vec4 0, 0, 2;
    %store/vec4 v000001be3b45f2a0_0, 0, 2;
    %jmp T_0.1;
T_0.0 ;
    %load/vec4 v000001be3b4ebbb0_0;
    %load/vec4 v000001be3b4ebed0_0;
    %concat/vec4; draw_concat_vec4
    %load/vec4 v000001be3b4ebc50_0;
    %concat/vec4; draw_concat_vec4
    %load/vec4 v000001be3b4eb070_0;
    %concat/vec4; draw_concat_vec4
    %dup/vec4;
    %pushi/vec4 8, 0, 4;
    %cmp/u;
    %jmp/1 T_0.2, 6;
    %dup/vec4;
    %pushi/vec4 4, 0, 4;
    %cmp/u;
    %jmp/1 T_0.3, 6;
    %dup/vec4;
    %pushi/vec4 2, 0, 4;
    %cmp/u;
    %jmp/1 T_0.4, 6;
    %dup/vec4;
    %pushi/vec4 1, 0, 4;
    %cmp/u;
    %jmp/1 T_0.5, 6;
    %jmp T_0.6;
T_0.2 ;
    %pushi/vec4 0, 0, 1;
    %store/vec4 v000001be3b4ebe30_0, 0, 1;
    %jmp T_0.6;
T_0.3 ;
    %load/vec4 v000001be3b4eb9d0_0;
    %pad/u 32;
    %cmpi/u 0, 0, 32;
    %flag_or 5, 4; GT is !LE
    %flag_inv 5;
    %jmp/0xz  T_0.7, 5;
    %pushi/vec4 1, 0, 1;
    %store/vec4 v000001be3b4ebe30_0, 0, 1;
    %load/vec4 v000001be3b4eb9d0_0;
    %pad/u 32;
    %cmpi/u 3, 0, 32;
    %flag_or 5, 4; GT is !LE
    %flag_inv 5;
    %jmp/0xz  T_0.9, 5;
    %load/vec4 v000001be3b4ebd90_0;
    %parti/s 2, 6, 4;
    %store/vec4 v000001be3b45f2a0_0, 0, 2;
    %jmp T_0.10;
T_0.9 ;
    %load/vec4 v000001be3b4eb9d0_0;
    %pad/u 32;
    %cmpi/u 2, 0, 32;
    %flag_or 5, 4; GT is !LE
    %flag_inv 5;
    %jmp/0xz  T_0.11, 5;
    %load/vec4 v000001be3b4ebd90_0;
    %parti/s 2, 4, 4;
    %store/vec4 v000001be3b45f2a0_0, 0, 2;
    %jmp T_0.12;
T_0.11 ;
    %load/vec4 v000001be3b4eb9d0_0;
    %pad/u 32;
    %cmpi/u 1, 0, 32;
    %flag_or 5, 4; GT is !LE
    %flag_inv 5;
    %jmp/0xz  T_0.13, 5;
    %load/vec4 v000001be3b4ebd90_0;
    %parti/s 2, 2, 3;
    %store/vec4 v000001be3b45f2a0_0, 0, 2;
    %jmp T_0.14;
T_0.13 ;
    %load/vec4 v000001be3b4eb9d0_0;
    %pad/u 32;
    %cmpi/u 0, 0, 32;
    %flag_or 5, 4; GT is !LE
    %flag_inv 5;
    %jmp/0xz  T_0.15, 5;
    %load/vec4 v000001be3b4ebd90_0;
    %parti/s 2, 0, 2;
    %store/vec4 v000001be3b45f2a0_0, 0, 2;
T_0.15 ;
T_0.14 ;
T_0.12 ;
T_0.10 ;
    %jmp T_0.8;
T_0.7 ;
    %pushi/vec4 0, 0, 1;
    %store/vec4 v000001be3b4ebe30_0, 0, 1;
T_0.8 ;
    %jmp T_0.6;
T_0.4 ;
    %load/vec4 v000001be3b4eb570_0;
    %pad/u 32;
    %cmpi/u 0, 0, 32;
    %flag_or 5, 4; GT is !LE
    %flag_inv 5;
    %jmp/0xz  T_0.17, 5;
    %pushi/vec4 1, 0, 1;
    %store/vec4 v000001be3b4ebe30_0, 0, 1;
    %load/vec4 v000001be3b4eb570_0;
    %pad/u 32;
    %cmpi/u 3, 0, 32;
    %flag_or 5, 4; GT is !LE
    %flag_inv 5;
    %jmp/0xz  T_0.19, 5;
    %load/vec4 v000001be3b4eb390_0;
    %parti/s 2, 6, 4;
    %store/vec4 v000001be3b45f2a0_0, 0, 2;
    %jmp T_0.20;
T_0.19 ;
    %load/vec4 v000001be3b4eb570_0;
    %pad/u 32;
    %cmpi/u 2, 0, 32;
    %flag_or 5, 4; GT is !LE
    %flag_inv 5;
    %jmp/0xz  T_0.21, 5;
    %load/vec4 v000001be3b4eb390_0;
    %parti/s 2, 4, 4;
    %store/vec4 v000001be3b45f2a0_0, 0, 2;
    %jmp T_0.22;
T_0.21 ;
    %load/vec4 v000001be3b4eb570_0;
    %pad/u 32;
    %cmpi/u 1, 0, 32;
    %flag_or 5, 4; GT is !LE
    %flag_inv 5;
    %jmp/0xz  T_0.23, 5;
    %load/vec4 v000001be3b4eb390_0;
    %parti/s 2, 2, 3;
    %store/vec4 v000001be3b45f2a0_0, 0, 2;
    %jmp T_0.24;
T_0.23 ;
    %load/vec4 v000001be3b4eb570_0;
    %pad/u 32;
    %cmpi/u 0, 0, 32;
    %flag_or 5, 4; GT is !LE
    %flag_inv 5;
    %jmp/0xz  T_0.25, 5;
    %load/vec4 v000001be3b4eb390_0;
    %parti/s 2, 0, 2;
    %store/vec4 v000001be3b45f2a0_0, 0, 2;
T_0.25 ;
T_0.24 ;
T_0.22 ;
T_0.20 ;
    %jmp T_0.18;
T_0.17 ;
    %pushi/vec4 0, 0, 1;
    %store/vec4 v000001be3b4ebe30_0, 0, 1;
T_0.18 ;
    %jmp T_0.6;
T_0.5 ;
    %pushi/vec4 0, 0, 1;
    %store/vec4 v000001be3b4ebe30_0, 0, 1;
    %jmp T_0.6;
T_0.6 ;
    %pop/vec4 1;
T_0.1 ;
    %jmp T_0;
    .thread T_0, $push;
    .scope S_000001be3b491770;
T_1 ;
    %wait E_000001be3b4504c0;
    %load/vec4 v000001be3b4ebf70_0;
    %flag_set/vec4 8;
    %jmp/0xz  T_1.0, 8;
    %pushi/vec4 0, 0, 8;
    %assign/vec4 v000001be3b4ebd90_0, 0;
    %pushi/vec4 0, 0, 8;
    %assign/vec4 v000001be3b4eb390_0, 0;
    %pushi/vec4 0, 0, 16;
    %assign/vec4 v000001be3b4eb9d0_0, 0;
    %pushi/vec4 0, 0, 16;
    %assign/vec4 v000001be3b4eb570_0, 0;
    %pushi/vec4 1, 0, 1;
    %assign/vec4 v000001be3b4ebbb0_0, 0;
    %pushi/vec4 0, 0, 1;
    %assign/vec4 v000001be3b4eb070_0, 0;
    %pushi/vec4 0, 0, 1;
    %assign/vec4 v000001be3b4ebed0_0, 0;
    %pushi/vec4 0, 0, 1;
    %assign/vec4 v000001be3b4ebc50_0, 0;
    %jmp T_1.1;
T_1.0 ;
    %load/vec4 v000001be3b4ebbb0_0;
    %load/vec4 v000001be3b4ebed0_0;
    %concat/vec4; draw_concat_vec4
    %load/vec4 v000001be3b4ebc50_0;
    %concat/vec4; draw_concat_vec4
    %load/vec4 v000001be3b4eb070_0;
    %concat/vec4; draw_concat_vec4
    %dup/vec4;
    %pushi/vec4 8, 0, 4;
    %cmp/u;
    %jmp/1 T_1.2, 6;
    %dup/vec4;
    %pushi/vec4 4, 0, 4;
    %cmp/u;
    %jmp/1 T_1.3, 6;
    %dup/vec4;
    %pushi/vec4 2, 0, 4;
    %cmp/u;
    %jmp/1 T_1.4, 6;
    %dup/vec4;
    %pushi/vec4 1, 0, 4;
    %cmp/u;
    %jmp/1 T_1.5, 6;
    %jmp T_1.6;
T_1.2 ;
    %load/vec4 v000001be3b48ccb0_0;
    %flag_set/vec4 8;
    %jmp/0xz  T_1.7, 8;
    %load/vec4 v000001be3b4eb9d0_0;
    %addi 1, 0, 16;
    %assign/vec4 v000001be3b4eb9d0_0, 0;
    %load/vec4 v000001be3b4eb9d0_0;
    %pad/u 32;
    %cmpi/u 1, 0, 32;
    %jmp/0xz  T_1.9, 5;
    %load/vec4 v000001be3b422fc0_0;
    %ix/load 4, 0, 0;
    %ix/load 5, 0, 0;
    %flag_set/imm 4, 0;
    %assign/vec4/off/d v000001be3b4ebd90_0, 4, 5;
    %jmp T_1.10;
T_1.9 ;
    %load/vec4 v000001be3b4eb9d0_0;
    %pad/u 32;
    %cmpi/u 2, 0, 32;
    %jmp/0xz  T_1.11, 5;
    %load/vec4 v000001be3b422fc0_0;
    %ix/load 4, 2, 0;
    %ix/load 5, 0, 0;
    %flag_set/imm 4, 0;
    %assign/vec4/off/d v000001be3b4ebd90_0, 4, 5;
    %jmp T_1.12;
T_1.11 ;
    %load/vec4 v000001be3b4eb9d0_0;
    %pad/u 32;
    %cmpi/u 3, 0, 32;
    %jmp/0xz  T_1.13, 5;
    %load/vec4 v000001be3b422fc0_0;
    %ix/load 4, 4, 0;
    %ix/load 5, 0, 0;
    %flag_set/imm 4, 0;
    %assign/vec4/off/d v000001be3b4ebd90_0, 4, 5;
    %jmp T_1.14;
T_1.13 ;
    %load/vec4 v000001be3b4eb9d0_0;
    %pad/u 32;
    %cmpi/u 4, 0, 32;
    %jmp/0xz  T_1.15, 5;
    %load/vec4 v000001be3b422fc0_0;
    %ix/load 4, 6, 0;
    %ix/load 5, 0, 0;
    %flag_set/imm 4, 0;
    %assign/vec4/off/d v000001be3b4ebd90_0, 4, 5;
    %pushi/vec4 0, 0, 1;
    %assign/vec4 v000001be3b4ebbb0_0, 0;
    %pushi/vec4 1, 0, 1;
    %assign/vec4 v000001be3b4ebed0_0, 0;
T_1.15 ;
T_1.14 ;
T_1.12 ;
T_1.10 ;
    %jmp T_1.8;
T_1.7 ;
    %pushi/vec4 0, 0, 16;
    %assign/vec4 v000001be3b4eb9d0_0, 0;
    %pushi/vec4 0, 0, 8;
    %assign/vec4 v000001be3b4ebd90_0, 0;
    %pushi/vec4 0, 0, 8;
    %assign/vec4 v000001be3b4eb390_0, 0;
T_1.8 ;
    %jmp T_1.6;
T_1.3 ;
    %load/vec4 v000001be3b4eb9d0_0;
    %pad/u 32;
    %cmpi/u 0, 0, 32;
    %flag_or 5, 4; GT is !LE
    %flag_inv 5;
    %jmp/0xz  T_1.17, 5;
    %load/vec4 v000001be3b4eb9d0_0;
    %subi 1, 0, 16;
    %assign/vec4 v000001be3b4eb9d0_0, 0;
T_1.17 ;
    %load/vec4 v000001be3b48ccb0_0;
    %flag_set/vec4 8;
    %jmp/0xz  T_1.19, 8;
    %load/vec4 v000001be3b4eb570_0;
    %addi 1, 0, 16;
    %assign/vec4 v000001be3b4eb570_0, 0;
    %load/vec4 v000001be3b4eb570_0;
    %pad/u 32;
    %cmpi/u 1, 0, 32;
    %jmp/0xz  T_1.21, 5;
    %load/vec4 v000001be3b422fc0_0;
    %ix/load 4, 0, 0;
    %ix/load 5, 0, 0;
    %flag_set/imm 4, 0;
    %assign/vec4/off/d v000001be3b4eb390_0, 4, 5;
    %jmp T_1.22;
T_1.21 ;
    %load/vec4 v000001be3b4eb570_0;
    %pad/u 32;
    %cmpi/u 2, 0, 32;
    %jmp/0xz  T_1.23, 5;
    %load/vec4 v000001be3b422fc0_0;
    %ix/load 4, 2, 0;
    %ix/load 5, 0, 0;
    %flag_set/imm 4, 0;
    %assign/vec4/off/d v000001be3b4eb390_0, 4, 5;
    %jmp T_1.24;
T_1.23 ;
    %load/vec4 v000001be3b4eb570_0;
    %pad/u 32;
    %cmpi/u 3, 0, 32;
    %jmp/0xz  T_1.25, 5;
    %load/vec4 v000001be3b422fc0_0;
    %ix/load 4, 4, 0;
    %ix/load 5, 0, 0;
    %flag_set/imm 4, 0;
    %assign/vec4/off/d v000001be3b4eb390_0, 4, 5;
    %jmp T_1.26;
T_1.25 ;
    %load/vec4 v000001be3b4eb570_0;
    %pad/u 32;
    %cmpi/u 4, 0, 32;
    %jmp/0xz  T_1.27, 5;
    %load/vec4 v000001be3b422fc0_0;
    %ix/load 4, 6, 0;
    %ix/load 5, 0, 0;
    %flag_set/imm 4, 0;
    %assign/vec4/off/d v000001be3b4eb390_0, 4, 5;
    %pushi/vec4 0, 0, 1;
    %assign/vec4 v000001be3b4ebed0_0, 0;
    %pushi/vec4 1, 0, 1;
    %assign/vec4 v000001be3b4ebc50_0, 0;
T_1.27 ;
T_1.26 ;
T_1.24 ;
T_1.22 ;
    %jmp T_1.20;
T_1.19 ;
    %load/vec4 v000001be3b4eb9d0_0;
    %pad/u 32;
    %pushi/vec4 0, 0, 32;
    %cmp/e;
    %flag_get/vec4 4;
    %load/vec4 v000001be3b4eb570_0;
    %pad/u 32;
    %cmpi/u 3, 0, 32;
    %flag_get/vec4 5;
    %and;
    %flag_set/vec4 8;
    %jmp/0xz  T_1.29, 8;
    %pushi/vec4 0, 0, 16;
    %assign/vec4 v000001be3b4eb570_0, 0;
    %pushi/vec4 0, 0, 8;
    %assign/vec4 v000001be3b4eb390_0, 0;
    %pushi/vec4 0, 0, 1;
    %assign/vec4 v000001be3b4ebed0_0, 0;
    %pushi/vec4 1, 0, 1;
    %assign/vec4 v000001be3b4eb070_0, 0;
    %jmp T_1.30;
T_1.29 ;
    %pushi/vec4 0, 0, 8;
    %assign/vec4 v000001be3b4eb390_0, 0;
    %pushi/vec4 0, 0, 16;
    %assign/vec4 v000001be3b4eb570_0, 0;
T_1.30 ;
T_1.20 ;
    %jmp T_1.6;
T_1.4 ;
    %load/vec4 v000001be3b4eb570_0;
    %pad/u 32;
    %cmpi/u 0, 0, 32;
    %flag_or 5, 4; GT is !LE
    %flag_inv 5;
    %jmp/0xz  T_1.31, 5;
    %load/vec4 v000001be3b4eb570_0;
    %subi 1, 0, 16;
    %assign/vec4 v000001be3b4eb570_0, 0;
T_1.31 ;
    %load/vec4 v000001be3b48ccb0_0;
    %flag_set/vec4 8;
    %jmp/0xz  T_1.33, 8;
    %load/vec4 v000001be3b4eb9d0_0;
    %addi 1, 0, 16;
    %assign/vec4 v000001be3b4eb9d0_0, 0;
    %load/vec4 v000001be3b4eb9d0_0;
    %pad/u 32;
    %cmpi/u 1, 0, 32;
    %jmp/0xz  T_1.35, 5;
    %load/vec4 v000001be3b422fc0_0;
    %ix/load 4, 0, 0;
    %ix/load 5, 0, 0;
    %flag_set/imm 4, 0;
    %assign/vec4/off/d v000001be3b4ebd90_0, 4, 5;
    %jmp T_1.36;
T_1.35 ;
    %load/vec4 v000001be3b4eb9d0_0;
    %pad/u 32;
    %cmpi/u 2, 0, 32;
    %jmp/0xz  T_1.37, 5;
    %load/vec4 v000001be3b422fc0_0;
    %ix/load 4, 2, 0;
    %ix/load 5, 0, 0;
    %flag_set/imm 4, 0;
    %assign/vec4/off/d v000001be3b4ebd90_0, 4, 5;
    %jmp T_1.38;
T_1.37 ;
    %load/vec4 v000001be3b4eb9d0_0;
    %pad/u 32;
    %cmpi/u 3, 0, 32;
    %jmp/0xz  T_1.39, 5;
    %load/vec4 v000001be3b422fc0_0;
    %ix/load 4, 4, 0;
    %ix/load 5, 0, 0;
    %flag_set/imm 4, 0;
    %assign/vec4/off/d v000001be3b4ebd90_0, 4, 5;
    %jmp T_1.40;
T_1.39 ;
    %load/vec4 v000001be3b4eb9d0_0;
    %pad/u 32;
    %cmpi/u 4, 0, 32;
    %jmp/0xz  T_1.41, 5;
    %load/vec4 v000001be3b422fc0_0;
    %ix/load 4, 6, 0;
    %ix/load 5, 0, 0;
    %flag_set/imm 4, 0;
    %assign/vec4/off/d v000001be3b4ebd90_0, 4, 5;
    %pushi/vec4 1, 0, 1;
    %assign/vec4 v000001be3b4ebed0_0, 0;
    %pushi/vec4 0, 0, 1;
    %assign/vec4 v000001be3b4ebc50_0, 0;
T_1.41 ;
T_1.40 ;
T_1.38 ;
T_1.36 ;
    %jmp T_1.34;
T_1.33 ;
    %load/vec4 v000001be3b4eb570_0;
    %pad/u 32;
    %pushi/vec4 0, 0, 32;
    %cmp/e;
    %flag_get/vec4 4;
    %load/vec4 v000001be3b4eb9d0_0;
    %pad/u 32;
    %cmpi/u 3, 0, 32;
    %flag_get/vec4 5;
    %and;
    %flag_set/vec4 8;
    %jmp/0xz  T_1.43, 8;
    %pushi/vec4 0, 0, 16;
    %assign/vec4 v000001be3b4eb9d0_0, 0;
    %pushi/vec4 0, 0, 8;
    %assign/vec4 v000001be3b4ebd90_0, 0;
    %pushi/vec4 0, 0, 1;
    %assign/vec4 v000001be3b4ebc50_0, 0;
    %pushi/vec4 1, 0, 1;
    %assign/vec4 v000001be3b4ebbb0_0, 0;
    %jmp T_1.44;
T_1.43 ;
    %pushi/vec4 0, 0, 8;
    %assign/vec4 v000001be3b4ebd90_0, 0;
    %pushi/vec4 0, 0, 16;
    %assign/vec4 v000001be3b4eb9d0_0, 0;
T_1.44 ;
T_1.34 ;
    %jmp T_1.6;
T_1.5 ;
    %load/vec4 v000001be3b48ccb0_0;
    %flag_set/vec4 8;
    %jmp/0xz  T_1.45, 8;
    %load/vec4 v000001be3b4eb570_0;
    %addi 1, 0, 16;
    %assign/vec4 v000001be3b4eb570_0, 0;
    %load/vec4 v000001be3b4eb570_0;
    %pad/u 32;
    %cmpi/u 1, 0, 32;
    %jmp/0xz  T_1.47, 5;
    %load/vec4 v000001be3b422fc0_0;
    %ix/load 4, 0, 0;
    %ix/load 5, 0, 0;
    %flag_set/imm 4, 0;
    %assign/vec4/off/d v000001be3b4eb390_0, 4, 5;
    %jmp T_1.48;
T_1.47 ;
    %load/vec4 v000001be3b4eb570_0;
    %pad/u 32;
    %cmpi/u 2, 0, 32;
    %jmp/0xz  T_1.49, 5;
    %load/vec4 v000001be3b422fc0_0;
    %ix/load 4, 2, 0;
    %ix/load 5, 0, 0;
    %flag_set/imm 4, 0;
    %assign/vec4/off/d v000001be3b4eb390_0, 4, 5;
    %jmp T_1.50;
T_1.49 ;
    %load/vec4 v000001be3b4eb570_0;
    %pad/u 32;
    %cmpi/u 3, 0, 32;
    %jmp/0xz  T_1.51, 5;
    %load/vec4 v000001be3b422fc0_0;
    %ix/load 4, 4, 0;
    %ix/load 5, 0, 0;
    %flag_set/imm 4, 0;
    %assign/vec4/off/d v000001be3b4eb390_0, 4, 5;
    %jmp T_1.52;
T_1.51 ;
    %load/vec4 v000001be3b4eb570_0;
    %pad/u 32;
    %cmpi/u 4, 0, 32;
    %jmp/0xz  T_1.53, 5;
    %load/vec4 v000001be3b422fc0_0;
    %ix/load 4, 6, 0;
    %ix/load 5, 0, 0;
    %flag_set/imm 4, 0;
    %assign/vec4/off/d v000001be3b4eb390_0, 4, 5;
    %pushi/vec4 0, 0, 1;
    %assign/vec4 v000001be3b4eb070_0, 0;
    %pushi/vec4 1, 0, 1;
    %assign/vec4 v000001be3b4ebc50_0, 0;
T_1.53 ;
T_1.52 ;
T_1.50 ;
T_1.48 ;
    %jmp T_1.46;
T_1.45 ;
    %pushi/vec4 0, 0, 16;
    %assign/vec4 v000001be3b4eb570_0, 0;
    %pushi/vec4 0, 0, 8;
    %assign/vec4 v000001be3b4eb390_0, 0;
    %pushi/vec4 0, 0, 8;
    %assign/vec4 v000001be3b4ebd90_0, 0;
T_1.46 ;
    %jmp T_1.6;
T_1.6 ;
    %pop/vec4 1;
T_1.1 ;
    %jmp T_1;
    .thread T_1;
    .scope S_000001be3b45f340;
T_2 ;
    %wait E_000001be3b450a80;
    %load/vec4 v000001be3b4ec940_0;
    %flag_set/vec4 8;
    %jmp/0xz  T_2.0, 8;
    %pushi/vec4 0, 0, 1;
    %assign/vec4 v000001be3b4eb250_0, 0;
    %pushi/vec4 0, 0, 2;
    %assign/vec4 v000001be3b4edc00_0, 0;
    %jmp T_2.1;
T_2.0 ;
    %load/vec4 v000001be3b4edc00_0;
    %dup/vec4;
    %pushi/vec4 0, 0, 2;
    %cmp/u;
    %jmp/1 T_2.2, 6;
    %dup/vec4;
    %pushi/vec4 1, 0, 2;
    %cmp/u;
    %jmp/1 T_2.3, 6;
    %jmp T_2.4;
T_2.2 ;
    %pushi/vec4 0, 0, 1;
    %assign/vec4 v000001be3b4ec300_0, 0;
    %pushi/vec4 0, 0, 2;
    %assign/vec4 v000001be3b4ec260_0, 0;
    %load/vec4 v000001be3b4ec3a0_0;
    %pad/u 32;
    %cmpi/e 1024, 0, 32;
    %flag_get/vec4 4;
    %jmp/0 T_2.7, 4;
    %load/vec4 v000001be3b4ec620_0;
    %pad/u 32;
    %pushi/vec4 768, 0, 32;
    %cmp/e;
    %flag_get/vec4 4;
    %and;
T_2.7;
    %flag_set/vec4 8;
    %jmp/0xz  T_2.5, 8;
    %vpi_call/w 5 62 "$displayh", v000001be3b4ed200_0 {0 0 0};
    %load/vec4 v000001be3b4ed200_0;
    %assign/vec4 v000001be3b4eb4d0_0, 0;
    %pushi/vec4 1, 0, 2;
    %assign/vec4 v000001be3b4edc00_0, 0;
T_2.5 ;
    %jmp T_2.4;
T_2.3 ;
    %load/vec4 v000001be3b4eb4d0_0;
    %cmpi/ne 0, 0, 512;
    %jmp/0xz  T_2.8, 4;
    %pushi/vec4 1, 0, 1;
    %assign/vec4 v000001be3b4ec300_0, 0;
    %load/vec4 v000001be3b4eb4d0_0;
    %parti/s 2, 510, 10;
    %assign/vec4 v000001be3b4ec260_0, 0;
    %load/vec4 v000001be3b4eb4d0_0;
    %parti/s 510, 0, 2;
    %concati/vec4 0, 0, 2;
    %assign/vec4 v000001be3b4eb4d0_0, 0;
    %jmp T_2.9;
T_2.8 ;
    %pushi/vec4 0, 0, 2;
    %assign/vec4 v000001be3b4edc00_0, 0;
    %pushi/vec4 0, 0, 1;
    %assign/vec4 v000001be3b4ec300_0, 0;
    %pushi/vec4 0, 0, 2;
    %assign/vec4 v000001be3b4ec260_0, 0;
T_2.9 ;
    %jmp T_2.4;
T_2.4 ;
    %pop/vec4 1;
T_2.1 ;
    %jmp T_2;
    .thread T_2;
    .scope S_000001be3b45f110;
T_3 ;
    %delay 10000, 0;
    %load/vec4 v000001be3b4ecd00_0;
    %nor/r;
    %store/vec4 v000001be3b4ecd00_0, 0, 1;
    %jmp T_3;
    .thread T_3;
    .scope S_000001be3b45f110;
T_4 ;
    %vpi_call/w 4 38 "$dumpfile", "transmit.vcd" {0 0 0};
    %vpi_call/w 4 39 "$dumpvars", 32'sb00000000000000000000000000000000, S_000001be3b45f110 {0 0 0};
    %vpi_call/w 4 40 "$display", "Starting Sim" {0 0 0};
    %pushi/vec4 0, 0, 1;
    %store/vec4 v000001be3b4ecd00_0, 0, 1;
    %pushi/vec4 1, 0, 1;
    %store/vec4 v000001be3b4edb60_0, 0, 1;
    %delay 20000, 0;
    %pushi/vec4 0, 0, 1;
    %store/vec4 v000001be3b4edb60_0, 0, 1;
    %pushi/vec4 0, 0, 11;
    %store/vec4 v000001be3b4ed3e0_0, 0, 11;
    %pushi/vec4 0, 0, 10;
    %store/vec4 v000001be3b4ed480_0, 0, 10;
    %pushi/vec4 8, 0, 11;
    %store/vec4 v000001be3b4ec8a0_0, 0, 11;
    %pushi/vec4 8, 0, 11;
    %store/vec4 v000001be3b4edf20_0, 0, 11;
    %pushi/vec4 90, 0, 9;
    %store/vec4 v000001be3b4ec080_0, 0, 9;
    %pushi/vec4 1, 0, 3;
    %store/vec4 v000001be3b4ec800_0, 0, 3;
    %delay 20000, 0;
    %pushi/vec4 1024, 0, 11;
    %store/vec4 v000001be3b4ed3e0_0, 0, 11;
    %pushi/vec4 768, 0, 10;
    %store/vec4 v000001be3b4ed480_0, 0, 10;
    %delay 20000, 0;
    %pushi/vec4 0, 0, 11;
    %store/vec4 v000001be3b4ed3e0_0, 0, 11;
    %pushi/vec4 0, 0, 10;
    %store/vec4 v000001be3b4ed480_0, 0, 10;
    %delay 40000, 0;
    %pushi/vec4 1024, 0, 11;
    %store/vec4 v000001be3b4ed3e0_0, 0, 11;
    %pushi/vec4 768, 0, 10;
    %store/vec4 v000001be3b4ed480_0, 0, 10;
    %delay 10000000, 0;
    %vpi_call/w 4 65 "$display", "Finishing Sim" {0 0 0};
    %vpi_call/w 4 66 "$finish" {0 0 0};
    %end;
    .thread T_4;
# The file index is used to find the file name in the following table.
:file_names 6;
    "N/A";
    "<interactive>";
    "-";
    "src/bitorder.sv";
    "sim/transmit_tb.sv";
    "src/transmit.sv";
